<?xml version="1.0" encoding="UTF-8"?>
<coverage generated="1694234061361" clover="3.2.0">
  <project timestamp="1694234061361" name="All files">
    <metrics statements="11" coveredstatements="11" conditionals="0" coveredconditionals="0" methods="1" coveredmethods="1" elements="12" coveredelements="12" complexity="0" loc="11" ncloc="11" packages="1" files="1" classes="1"/>
    <file name="HelloWorld.vue" path="/Users/bhakti/Documents/Portfolio/PokeDex/frontend-pokedex/src/components/HelloWorld.vue">
      <metrics statements="11" coveredstatements="11" conditionals="0" coveredconditionals="0" methods="1" coveredmethods="1"/>
      <line num="4" count="1" type="stmt"/>
      <line num="7" count="1" type="stmt"/>
      <line num="8" count="1" type="stmt"/>
      <line num="16" count="1" type="stmt"/>
      <line num="18" count="1" type="stmt"/>
      <line num="21" count="1" type="stmt"/>
      <line num="22" count="1" type="stmt"/>
      <line num="23" count="1" type="stmt"/>
      <line num="26" count="1" type="stmt"/>
      <line num="28" count="1" type="stmt"/>
      <line num="29" count="1" type="stmt"/>
    </file>
  </project>
</coverage>
