{"/Users/bhakti/Documents/Portfolio/PokeDex/frontend-pokedex/src/apis/api.js": {"path":"/Users/bhakti/Documents/Portfolio/PokeDex/frontend-pokedex/src/apis/api.js","statementMap":{"0":{"start":{"line":4,"column":29},"end":{"line":11,"column":4}},"1":{"start":{"line":5,"column":2},"end":{"line":11,"column":4}}},"fnMap":{"0":{"name":"(anonymous_0)","decl":{"start":{"line":4,"column":29},"end":{"line":4,"column":30}},"loc":{"start":{"line":5,"column":2},"end":{"line":11,"column":4}},"line":5}},"branchMap":{},"s":{"0":1,"1":4},"f":{"0":4},"b":{},"_coverageSchema":"1a1c01bbd47fc00a2c39e90264f33305004495a9","hash":"febc68dacc7ad2d612dc9fea5c2b502a6abb9824"}
,"/Users/bhakti/Documents/Portfolio/PokeDex/frontend-pokedex/src/apis/index.js": {"path":"/Users/bhakti/Documents/Portfolio/PokeDex/frontend-pokedex/src/apis/index.js","statementMap":{},"fnMap":{},"branchMap":{},"s":{},"f":{},"b":{},"_coverageSchema":"1a1c01bbd47fc00a2c39e90264f33305004495a9","hash":"ca41faf19091d12cced72ac57cd8469a4c4c6826"}
,"/Users/bhakti/Documents/Portfolio/PokeDex/frontend-pokedex/src/assets/images/poke-vector.webp": {"path":"/Users/bhakti/Documents/Portfolio/PokeDex/frontend-pokedex/src/assets/images/poke-vector.webp","statementMap":{"0":{"start":{"line":1,"column":0},"end":{"line":1,"column":19}}},"fnMap":{},"branchMap":{},"s":{"0":1},"f":{},"b":{},"_coverageSchema":"1a1c01bbd47fc00a2c39e90264f33305004495a9","hash":"76a7561f19d6aed65baf2acc1ccf3edfa21ed022"}
,"/Users/bhakti/Documents/Portfolio/PokeDex/frontend-pokedex/src/components/PokeCard.vue": {"path":"/Users/bhakti/Documents/Portfolio/PokeDex/frontend-pokedex/src/components/PokeCard.vue","statementMap":{"0":{"start":{"line":4,"column":0},"end":{"line":6,"column":3}},"1":{"start":{"line":7,"column":0},"end":{"line":7,"column":25}},"2":{"start":{"line":50,"column":0},"end":{"line":50,"column":13}},"3":{"start":{"line":52,"column":0},"end":{"line":54,"column":3}},"4":{"start":{"line":55,"column":0},"end":{"line":55,"column":24}},"5":{"start":{"line":56,"column":11},"end":{"line":56,"column":25}},"6":{"start":{"line":57,"column":19},"end":{"line":59,"column":1}},"7":{"start":{"line":60,"column":19},"end":{"line":62,"column":1}},"8":{"start":{"line":63,"column":19},"end":{"line":65,"column":1}},"9":{"start":{"line":66,"column":19},"end":{"line":68,"column":1}},"10":{"start":{"line":69,"column":19},"end":{"line":72,"column":1}},"11":{"start":{"line":73,"column":19},"end":{"line":73,"column":26}},"12":{"start":{"line":75,"column":26},"end":{"line":75,"column":60}},"13":{"start":{"line":76,"column":2},"end":{"line":92,"column":129}},"14":{"start":{"line":82,"column":4},"end":{"line":88,"column":119}},"15":{"start":{"line":93,"column":2},"end":{"line":93,"column":49}}},"fnMap":{"0":{"name":"render","decl":{"start":{"line":74,"column":9},"end":{"line":74,"column":15}},"loc":{"start":{"line":74,"column":30},"end":{"line":93,"column":1}},"line":74},"1":{"name":"(anonymous_1)","decl":{"start":{"line":81,"column":323},"end":{"line":81,"column":324}},"loc":{"start":{"line":81,"column":340},"end":{"line":89,"column":3}},"line":81}},"branchMap":{"0":{"loc":{"start":{"line":92,"column":46},"end":{"line":92,"column":118}},"type":"cond-expr","locations":[{"start":{"line":92,"column":59},"end":{"line":92,"column":69}},{"start":{"line":92,"column":72},"end":{"line":92,"column":118}}],"line":92}},"s":{"0":1,"1":1,"2":1,"3":1,"4":1,"5":1,"6":1,"7":1,"8":1,"9":1,"10":1,"11":1,"12":1,"13":1,"14":2,"15":1},"f":{"0":1,"1":2},"b":{"0":[1,0]},"inputSourceMap":{"0":"{","1":"\"","2":"v","3":"e","4":"r","5":"s","6":"i","7":"o","8":"n","9":"\"","10":":","11":"3","12":",","13":"\"","14":"s","15":"o","16":"u","17":"r","18":"c","19":"e","20":"s","21":"\"","22":":","23":"[","24":"\"","25":"/","26":"U","27":"s","28":"e","29":"r","30":"s","31":"/","32":"b","33":"h","34":"a","35":"k","36":"t","37":"i","38":"/","39":"D","40":"o","41":"c","42":"u","43":"m","44":"e","45":"n","46":"t","47":"s","48":"/","49":"P","50":"o","51":"r","52":"t","53":"f","54":"o","55":"l","56":"i","57":"o","58":"/","59":"P","60":"o","61":"k","62":"e","63":"D","64":"e","65":"x","66":"/","67":"f","68":"r","69":"o","70":"n","71":"t","72":"e","73":"n","74":"d","75":"-","76":"p","77":"o","78":"k","79":"e","80":"d","81":"e","82":"x","83":"/","84":"s","85":"r","86":"c","87":"/","88":"c","89":"o","90":"m","91":"p","92":"o","93":"n","94":"e","95":"n","96":"t","97":"s","98":"/","99":"P","100":"o","101":"k","102":"e","103":"C","104":"a","105":"r","106":"d","107":".","108":"v","109":"u","110":"e","111":"\"","112":"]","113":",","114":"\"","115":"n","116":"a","117":"m","118":"e","119":"s","120":"\"","121":":","122":"[","123":"]","124":",","125":"\"","126":"m","127":"a","128":"p","129":"p","130":"i","131":"n","132":"g","133":"s","134":"\"","135":":","136":"\"","137":";","138":";","139":";","140":";","141":";","142":";","143":";","144":"A","145":"A","146":"q","147":"C","148":"A","149":";","150":"A","151":"A","152":"A","153":"A","154":";","155":"A","156":"A","157":"A","158":"A","159":";","160":"A","161":"A","162":"C","163":"A","164":";","165":"A","166":"A","167":"A","168":"A","169":";","170":"A","171":"A","172":"A","173":"A","174":";","175":"A","176":"A","177":"A","178":"w","179":"C","180":";","181":"A","182":"A","183":"A","184":"A","185":",","186":"e","187":"A","188":"E","189":"z","190":"B","191":";","192":"E","193":"A","194":"C","195":"b","196":",","197":"I","198":"A","199":"A","200":"I","201":",","202":"E","203":"A","204":"A","205":"E","206":",","207":"U","208":"A","209":"A","210":"U","211":";","212":"E","213":"A","214":"C","215":"h","216":"B","217":",","218":"K","219":"A","220":"A","221":"K","222":",","223":"E","224":"A","225":"A","226":"E","227":",","228":"C","229":"A","230":"A","231":"C","232":",","233":"a","234":"A","235":"A","236":"a","237":",","238":"C","239":"A","240":"A","241":"C","242":";","243":"E","244":"A","245":"C","246":"t","247":"B","248":",","249":"K","250":"A","251":"A","252":"K","253":",","254":"C","255":"A","256":"A","257":"C","258":";","259":"I","260":"A","261":"A","262":"E","263":";","264":"E","265":"A","266":"A","267":"Y","268":",","269":"C","270":"A","271":"A","272":"C","273":",","274":"E","275":"A","276":"A","277":"E","278":";","279":"I","280":"A","281":"A","282":"E","283":";","284":"E","285":"A","286":"A","287":"K","288":",","289":"C","290":"A","291":"A","292":"C","293":",","294":"E","295":"A","296":"A","297":"E","298":";","299":"I","300":"A","301":"C","302":"/","303":"B","304":",","305":"M","306":"A","307":"A","308":"M","309":",","310":"I","311":"A","312":"A","313":"I","314":",","315":"G","316":"A","317":"A","318":"G","319":",","320":"W","321":"A","322":"A","323":"W","324":",","325":"C","326":"A","327":"A","328":"C","329":",","330":"I","331":"A","332":"A","333":"I","334":";","335":"I","336":"A","337":"C","338":"7","339":"B","340":",","341":"M","342":"A","343":"A","344":"M","345":",","346":"K","347":"A","348":"A","349":"K","350":",","351":"G","352":"A","353":"A","354":"G","355":",","356":"W","357":"A","358":"A","359":"W","360":",","361":"C","362":"A","363":"A","364":"C","365":",","366":"K","367":"A","368":"A","369":"K","370":";","371":"I","372":"A","373":"C","374":"/","375":"B","376":",","377":"M","378":"A","379":"A","380":"M","381":",","382":"K","383":"A","384":"A","385":"K","386":",","387":"G","388":"A","389":"C","390":"T","391":",","392":"W","393":"A","394":"A","395":"W","396":",","397":"C","398":"A","399":"A","400":"C","401":",","402":"O","403":"A","404":"A","405":"O","406":",","407":"C","408":"A","409":"A","410":"C","411":",","412":"K","413":"A","414":"A","415":"K","416":",","417":"C","418":"A","419":"A","420":"C","421":",","422":"k","423":"B","424":"A","425":"A","426":"k","427":"B","428":",","429":"C","430":"A","431":"A","432":"C","433":",","434":"C","435":"A","436":"A","437":"C","438":",","439":"e","440":"A","441":"A","442":"e","443":",","444":"C","445":"A","446":"A","447":"C","448":";","449":"I","450":"A","451":"E","452":"h","453":"E","454":",","455":"M","456":"A","457":"A","458":"M","459":",","460":"e","461":"A","462":"A","463":"e","464":",","465":"G","466":"A","467":"A","468":"I","469":",","470":"W","471":"A","472":"A","473":"W","474":",","475":"I","476":"A","477":"A","478":"K","479":";","480":"M","481":"A","482":"C","483":"v","484":"C","485":",","486":"I","487":"A","488":"A","489":"I","490":",","491":"C","492":"A","493":"A","494":"C","495":",","496":"e","497":"A","498":"A","499":"e","500":",","501":"E","502":"A","503":"A","504":"E","505":",","506":"I","507":"A","508":"A","509":"I","510":",","511":"C","512":"A","513":"A","514":"C","515":";","516":"M","517":"A","518":"C","519":"3","520":"B","521":",","522":"I","523":"A","524":"A","525":"I","526":",","527":"C","528":"A","529":"A","530":"C","531":",","532":"m","533":"B","534":"A","535":"A","536":"m","537":"B","538":",","539":"E","540":"A","541":"A","542":"E","543":",","544":"W","545":"A","546":"A","547":"W","548":",","549":"C","550":"A","551":"A","552":"C","553":";","554":"I","555":"A","556":"C","557":"x","558":"C","559":",","560":"C","561":"A","562":"A","563":"C","564":";","565":"I","566":"A","567":"E","568":"D","569":",","570":"O","571":"A","572":"A","573":"O","574":";","575":"M","576":"A","577":"C","578":"L","579":",","580":"I","581":"A","582":"A","583":"I","584":";","585":"M","586":"A","587":"C","588":"J","589":",","590":"K","591":"A","592":"A","593":"K","594":";","595":"M","596":"A","597":"C","598":"L","599":",","600":"K","601":"A","602":"A","603":"K","604":";","605":"M","606":"A","607":"C","608":"L","609":",","610":"a","611":"A","612":"A","613":"a","614":";","615":"M","616":"A","617":"A","618":"b","619":";","620":"M","621":"A","622":"A","623":"A","624":";","625":"M","626":"A","627":"A","628":"A","629":";","630":"M","631":"A","632":"A","633":"A","634":",","635":"a","636":"A","637":"A","638":"a","639":";","640":"M","641":"A","642":"C","643":"b","644":",","645":"S","646":"A","647":"A","648":"S","649":";","650":"M","651":"A","652":"A","653":"T","654":";","655":"M","656":"A","657":"A","658":"A","659":";","660":"M","661":"A","662":"A","663":"A","664":";","665":"M","666":"A","667":"A","668":"A","669":",","670":"S","671":"A","672":"A","673":"S","674":";","675":"M","676":"A","677":"C","678":"T","679":";","680":"I","681":"A","682":"C","683":"F","684":",","685":"C","686":"A","687":"A","688":"C","689":";","690":"E","691":"A","692":"C","693":"H","694":";","695":"A","696":"A","697":"C","698":"F","699":",","700":"C","701":"A","702":"A","703":"C","704":";","705":"A","706":"A","707":"A","708":"A","709":";","710":"A","711":"A","712":"A","713":"A","714":"\"","715":",","716":"\"","717":"f","718":"i","719":"l","720":"e","721":"\"","722":":","723":"\"","724":"/","725":"U","726":"s","727":"e","728":"r","729":"s","730":"/","731":"b","732":"h","733":"a","734":"k","735":"t","736":"i","737":"/","738":"D","739":"o","740":"c","741":"u","742":"m","743":"e","744":"n","745":"t","746":"s","747":"/","748":"P","749":"o","750":"r","751":"t","752":"f","753":"o","754":"l","755":"i","756":"o","757":"/","758":"P","759":"o","760":"k","761":"e","762":"D","763":"e","764":"x","765":"/","766":"f","767":"r","768":"o","769":"n","770":"t","771":"e","772":"n","773":"d","774":"-","775":"p","776":"o","777":"k","778":"e","779":"d","780":"e","781":"x","782":"/","783":"s","784":"r","785":"c","786":"/","787":"c","788":"o","789":"m","790":"p","791":"o","792":"n","793":"e","794":"n","795":"t","796":"s","797":"/","798":"P","799":"o","800":"k","801":"e","802":"C","803":"a","804":"r","805":"d","806":".","807":"v","808":"u","809":"e","810":"\"","811":",","812":"\"","813":"s","814":"o","815":"u","816":"r","817":"c","818":"e","819":"s","820":"C","821":"o","822":"n","823":"t","824":"e","825":"n","826":"t","827":"\"","828":":","829":"[","830":"\"","831":"<","832":"t","833":"e","834":"m","835":"p","836":"l","837":"a","838":"t","839":"e","840":">","841":"\\","842":"n","843":" ","844":" ","845":"<","846":"d","847":"i","848":"v","849":"\\","850":"n","851":" ","852":" ","853":" ","854":" ","855":"c","856":"l","857":"a","858":"s","859":"s","860":"=","861":"\\","862":"\"","863":"p","864":"o","865":"k","866":"e","867":"-","868":"c","869":"a","870":"r","871":"d","872":"-","873":"c","874":"o","875":"n","876":"t","877":"a","878":"i","879":"n","880":"e","881":"r","882":"\\","883":"\"","884":"\\","885":"n","886":" ","887":" ","888":" ","889":" ","890":":","891":"s","892":"t","893":"y","894":"l","895":"e","896":"=","897":"\\","898":"\"","899":"{","900":" ","901":"b","902":"a","903":"c","904":"k","905":"g","906":"r","907":"o","908":"u","909":"n","910":"d","911":"C","912":"o","913":"l","914":"o","915":"r","916":":","917":" ","918":"t","919":"y","920":"p","921":"e","922":"C","923":"o","924":"l","925":"o","926":"r","927":"[","928":"t","929":"y","930":"p","931":"e","932":"s","933":"[","934":"0","935":"]","936":".","937":"t","938":"y","939":"p","940":"e","941":".","942":"n","943":"a","944":"m","945":"e","946":"]","947":" ","948":"}","949":"\\","950":"\"","951":"\\","952":"n","953":" ","954":" ","955":">","956":"\\","957":"n","958":" ","959":" ","960":" ","961":" ","962":"<","963":"d","964":"i","965":"v","966":" ","967":"c","968":"l","969":"a","970":"s","971":"s","972":"=","973":"\\","974":"\"","975":"c","976":"a","977":"r","978":"d","979":"-","980":"d","981":"e","982":"t","983":"a","984":"i","985":"l","986":"-","987":"c","988":"o","989":"n","990":"t","991":"a","992":"i","993":"n","994":"e","995":"r","996":"\\","997":"\"","998":">","999":"\\","1000":"n","1001":" ","1002":" ","1003":" ","1004":" ","1005":" ","1006":" ","1007":"<","1008":"p","1009":" ","1010":"c","1011":"l","1012":"a","1013":"s","1014":"s","1015":"=","1016":"\\","1017":"\"","1018":"p","1019":"o","1020":"k","1021":"e","1022":"-","1023":"n","1024":"a","1025":"m","1026":"e","1027":"\\","1028":"\"","1029":">","1030":"{","1031":"{","1032":" ","1033":"p","1034":"a","1035":"r","1036":"s","1037":"e","1038":"P","1039":"o","1040":"k","1041":"e","1042":"N","1043":"a","1044":"m","1045":"e","1046":"(","1047":"n","1048":"a","1049":"m","1050":"e","1051":")","1052":" ","1053":"}","1054":"}","1055":"<","1056":"/","1057":"p","1058":">","1059":"\\","1060":"n","1061":"\\","1062":"n","1063":" ","1064":" ","1065":" ","1066":" ","1067":" ","1068":" ","1069":"<","1070":"d","1071":"i","1072":"v","1073":" ","1074":"c","1075":"l","1076":"a","1077":"s","1078":"s","1079":"=","1080":"\\","1081":"\"","1082":"t","1083":"y","1084":"p","1085":"e","1086":"-","1087":"c","1088":"o","1089":"n","1090":"t","1091":"a","1092":"i","1093":"n","1094":"e","1095":"r","1096":"\\","1097":"\"","1098":">","1099":"\\","1100":"n","1101":" ","1102":" ","1103":" ","1104":" ","1105":" ","1106":" ","1107":" ","1108":" ","1109":"<","1110":"d","1111":"i","1112":"v","1113":"\\","1114":"n","1115":" ","1116":" ","1117":" ","1118":" ","1119":" ","1120":" ","1121":" ","1122":" ","1123":" ","1124":" ","1125":"v","1126":"-","1127":"f","1128":"o","1129":"r","1130":"=","1131":"\\","1132":"\"","1133":"(","1134":"i","1135":"t","1136":"e","1137":"m","1138":",","1139":" ","1140":"i","1141":"n","1142":"d","1143":"e","1144":"x","1145":")","1146":" ","1147":"i","1148":"n","1149":" ","1150":"t","1151":"y","1152":"p","1153":"e","1154":"s","1155":"\\","1156":"\"","1157":"\\","1158":"n","1159":" ","1160":" ","1161":" ","1162":" ","1163":" ","1164":" ","1165":" ","1166":" ","1167":" ","1168":" ","1169":":","1170":"k","1171":"e","1172":"y","1173":"=","1174":"\\","1175":"\"","1176":"i","1177":"n","1178":"d","1179":"e","1180":"x","1181":"\\","1182":"\"","1183":"\\","1184":"n","1185":" ","1186":" ","1187":" ","1188":" ","1189":" ","1190":" ","1191":" ","1192":" ","1193":" ","1194":" ","1195":"c","1196":"l","1197":"a","1198":"s","1199":"s","1200":"=","1201":"\\","1202":"\"","1203":"t","1204":"y","1205":"p","1206":"e","1207":"-","1208":"t","1209":"a","1210":"g","1211":"\\","1212":"\"","1213":"\\","1214":"n","1215":" ","1216":" ","1217":" ","1218":" ","1219":" ","1220":" ","1221":" ","1222":" ","1223":" ","1224":" ","1225":":","1226":"s","1227":"t","1228":"y","1229":"l","1230":"e","1231":"=","1232":"\\","1233":"\"","1234":"{","1235":" ","1236":"b","1237":"a","1238":"c","1239":"k","1240":"g","1241":"r","1242":"o","1243":"u","1244":"n","1245":"d","1246":"C","1247":"o","1248":"l","1249":"o","1250":"r","1251":":","1252":" ","1253":"t","1254":"y","1255":"p","1256":"e","1257":"C","1258":"o","1259":"l","1260":"o","1261":"r","1262":"[","1263":"i","1264":"t","1265":"e","1266":"m","1267":".","1268":"t","1269":"y","1270":"p","1271":"e","1272":".","1273":"n","1274":"a","1275":"m","1276":"e","1277":"]","1278":" ","1279":"}","1280":"\\","1281":"\"","1282":"\\","1283":"n","1284":" ","1285":" ","1286":" ","1287":" ","1288":" ","1289":" ","1290":" ","1291":" ","1292":">","1293":"\\","1294":"n","1295":" ","1296":" ","1297":" ","1298":" ","1299":" ","1300":" ","1301":" ","1302":" ","1303":" ","1304":" ","1305":"<","1306":"p","1307":">","1308":"{","1309":"{","1310":" ","1311":"p","1312":"a","1313":"r","1314":"s","1315":"e","1316":"P","1317":"o","1318":"k","1319":"e","1320":"N","1321":"a","1322":"m","1323":"e","1324":"(","1325":"i","1326":"t","1327":"e","1328":"m","1329":".","1330":"t","1331":"y","1332":"p","1333":"e","1334":".","1335":"n","1336":"a","1337":"m","1338":"e","1339":")","1340":" ","1341":"}","1342":"}","1343":"<","1344":"/","1345":"p","1346":">","1347":"\\","1348":"n","1349":" ","1350":" ","1351":" ","1352":" ","1353":" ","1354":" ","1355":" ","1356":" ","1357":"<","1358":"/","1359":"d","1360":"i","1361":"v","1362":">","1363":"\\","1364":"n","1365":" ","1366":" ","1367":" ","1368":" ","1369":" ","1370":" ","1371":"<","1372":"/","1373":"d","1374":"i","1375":"v","1376":">","1377":"\\","1378":"n","1379":" ","1380":" ","1381":" ","1382":" ","1383":"<","1384":"/","1385":"d","1386":"i","1387":"v","1388":">","1389":"\\","1390":"n","1391":"\\","1392":"n","1393":" ","1394":" ","1395":" ","1396":" ","1397":"<","1398":"d","1399":"i","1400":"v","1401":" ","1402":"c","1403":"l","1404":"a","1405":"s","1406":"s","1407":"=","1408":"\\","1409":"\"","1410":"c","1411":"a","1412":"r","1413":"d","1414":"-","1415":"i","1416":"m","1417":"a","1418":"g","1419":"e","1420":"-","1421":"c","1422":"o","1423":"n","1424":"t","1425":"a","1426":"i","1427":"n","1428":"e","1429":"r","1430":"\\","1431":"\"","1432":">","1433":"\\","1434":"n","1435":" ","1436":" ","1437":" ","1438":" ","1439":" ","1440":" ","1441":"<","1442":"i","1443":"m","1444":"g","1445":"\\","1446":"n","1447":" ","1448":" ","1449":" ","1450":" ","1451":" ","1452":" ","1453":" ","1454":" ","1455":"v","1456":"-","1457":"l","1458":"a","1459":"z","1460":"y","1461":"=","1462":"\\","1463":"\"","1464":"r","1465":"e","1466":"q","1467":"u","1468":"i","1469":"r","1470":"e","1471":"(","1472":"'","1473":"@","1474":"/","1475":"a","1476":"s","1477":"s","1478":"e","1479":"t","1480":"s","1481":"/","1482":"i","1483":"m","1484":"a","1485":"g","1486":"e","1487":"s","1488":"/","1489":"p","1490":"o","1491":"k","1492":"e","1493":"-","1494":"v","1495":"e","1496":"c","1497":"t","1498":"o","1499":"r","1500":".","1501":"w","1502":"e","1503":"b","1504":"p","1505":"'","1506":")","1507":"\\","1508":"\"","1509":"\\","1510":"n","1511":" ","1512":" ","1513":" ","1514":" ","1515":" ","1516":" ","1517":" ","1518":" ","1519":"a","1520":"l","1521":"t","1522":"=","1523":"\\","1524":"\"","1525":"p","1526":"o","1527":"k","1528":"e","1529":"b","1530":"a","1531":"l","1532":"l","1533":"B","1534":"g","1535":"\\","1536":"\"","1537":"\\","1538":"n","1539":" ","1540":" ","1541":" ","1542":" ","1543":" ","1544":" ","1545":" ","1546":" ","1547":"c","1548":"l","1549":"a","1550":"s","1551":"s","1552":"=","1553":"\\","1554":"\"","1555":"p","1556":"o","1557":"k","1558":"e","1559":"b","1560":"a","1561":"l","1562":"l","1563":"-","1564":"b","1565":"g","1566":"\\","1567":"\"","1568":"\\","1569":"n","1570":" ","1571":" ","1572":" ","1573":" ","1574":" ","1575":" ","1576":"/","1577":">","1578":"\\","1579":"n","1580":"\\","1581":"n","1582":" ","1583":" ","1584":" ","1585":" ","1586":" ","1587":" ","1588":"<","1589":"i","1590":"m","1591":"g","1592":"\\","1593":"n","1594":" ","1595":" ","1596":" ","1597":" ","1598":" ","1599":" ","1600":" ","1601":" ","1602":"v","1603":"-","1604":"l","1605":"a","1606":"z","1607":"y","1608":"=","1609":"\\","1610":"\"","1611":"i","1612":"m","1613":"a","1614":"g","1615":"e","1616":" ","1617":"?","1618":" ","1619":"i","1620":"m","1621":"a","1622":"g","1623":"e","1624":" ","1625":":","1626":" ","1627":"r","1628":"e","1629":"q","1630":"u","1631":"i","1632":"r","1633":"e","1634":"(","1635":"'","1636":"@","1637":"/","1638":"a","1639":"s","1640":"s","1641":"e","1642":"t","1643":"s","1644":"/","1645":"i","1646":"m","1647":"a","1648":"g","1649":"e","1650":"s","1651":"/","1652":"p","1653":"o","1654":"k","1655":"e","1656":"b","1657":"a","1658":"l","1659":"l","1660":"-","1661":"5","1662":"0","1663":"x","1664":"5","1665":"0","1666":".","1667":"w","1668":"e","1669":"b","1670":"p","1671":"'","1672":")","1673":"\\","1674":"\"","1675":"\\","1676":"n","1677":" ","1678":" ","1679":" ","1680":" ","1681":" ","1682":" ","1683":" ","1684":" ","1685":":","1686":"a","1687":"l","1688":"t","1689":"=","1690":"\\","1691":"\"","1692":"n","1693":"a","1694":"m","1695":"e","1696":"\\","1697":"\"","1698":"\\","1699":"n","1700":" ","1701":" ","1702":" ","1703":" ","1704":" ","1705":" ","1706":" ","1707":" ","1708":"c","1709":"l","1710":"a","1711":"s","1712":"s","1713":"=","1714":"\\","1715":"\"","1716":"p","1717":"o","1718":"k","1719":"e","1720":"-","1721":"a","1722":"v","1723":"a","1724":"t","1725":"a","1726":"r","1727":"\\","1728":"\"","1729":"\\","1730":"n","1731":" ","1732":" ","1733":" ","1734":" ","1735":" ","1736":" ","1737":"/","1738":">","1739":"\\","1740":"n","1741":" ","1742":" ","1743":" ","1744":" ","1745":"<","1746":"/","1747":"d","1748":"i","1749":"v","1750":">","1751":"\\","1752":"n","1753":" ","1754":" ","1755":"<","1756":"/","1757":"d","1758":"i","1759":"v","1760":">","1761":"\\","1762":"n","1763":"<","1764":"/","1765":"t","1766":"e","1767":"m","1768":"p","1769":"l","1770":"a","1771":"t","1772":"e","1773":">","1774":"\\","1775":"n","1776":"\\","1777":"n","1778":"<","1779":"s","1780":"c","1781":"r","1782":"i","1783":"p","1784":"t","1785":">","1786":"\\","1787":"n","1788":"i","1789":"m","1790":"p","1791":"o","1792":"r","1793":"t","1794":" ","1795":"{","1796":" ","1797":"p","1798":"a","1799":"r","1800":"s","1801":"e","1802":"P","1803":"o","1804":"k","1805":"e","1806":"N","1807":"a","1808":"m","1809":"e","1810":" ","1811":"}","1812":" ","1813":"f","1814":"r","1815":"o","1816":"m","1817":" ","1818":"\\","1819":"\"","1820":"@","1821":"/","1822":"u","1823":"t","1824":"i","1825":"l","1826":"s","1827":"\\","1828":"\"","1829":";","1830":"\\","1831":"n","1832":"i","1833":"m","1834":"p","1835":"o","1836":"r","1837":"t","1838":" ","1839":"{","1840":" ","1841":"t","1842":"y","1843":"p","1844":"e","1845":"C","1846":"o","1847":"l","1848":"o","1849":"r","1850":" ","1851":"}","1852":" ","1853":"f","1854":"r","1855":"o","1856":"m","1857":" ","1858":"\\","1859":"\"","1860":"@","1861":"/","1862":"c","1863":"o","1864":"n","1865":"s","1866":"t","1867":"a","1868":"n","1869":"t","1870":"s","1871":"\\","1872":"\"","1873":";","1874":"\\","1875":"n","1876":"\\","1877":"n","1878":"e","1879":"x","1880":"p","1881":"o","1882":"r","1883":"t","1884":" ","1885":"d","1886":"e","1887":"f","1888":"a","1889":"u","1890":"l","1891":"t","1892":" ","1893":"{","1894":"\\","1895":"n","1896":" ","1897":" ","1898":"n","1899":"a","1900":"m","1901":"e","1902":":","1903":" ","1904":"\\","1905":"\"","1906":"P","1907":"o","1908":"k","1909":"e","1910":"C","1911":"a","1912":"r","1913":"d","1914":"\\","1915":"\"","1916":",","1917":"\\","1918":"n","1919":" ","1920":" ","1921":"p","1922":"r","1923":"o","1924":"p","1925":"s","1926":":","1927":" ","1928":"[","1929":"\\","1930":"\"","1931":"p","1932":"o","1933":"k","1934":"e","1935":"m","1936":"o","1937":"n","1938":"D","1939":"a","1940":"t","1941":"a","1942":"\\","1943":"\"","1944":"]","1945":",","1946":"\\","1947":"n","1948":" ","1949":" ","1950":"s","1951":"e","1952":"t","1953":"u","1954":"p","1955":"(","1956":"{","1957":" ","1958":"p","1959":"o","1960":"k","1961":"e","1962":"m","1963":"o","1964":"n","1965":"D","1966":"a","1967":"t","1968":"a","1969":" ","1970":"}","1971":",","1972":" ","1973":"{","1974":" ","1975":"e","1976":"m","1977":"i","1978":"t","1979":" ","1980":"}","1981":")","1982":" ","1983":"{","1984":"\\","1985":"n","1986":" ","1987":" ","1988":" ","1989":" ","1990":"c","1991":"o","1992":"n","1993":"s","1994":"t","1995":" ","1996":"n","1997":"a","1998":"m","1999":"e","2000":" ","2001":"=","2002":" ","2003":"p","2004":"o","2005":"k","2006":"e","2007":"m","2008":"o","2009":"n","2010":"D","2011":"a","2012":"t","2013":"a","2014":".","2015":"n","2016":"a","2017":"m","2018":"e","2019":";","2020":"\\","2021":"n","2022":" ","2023":" ","2024":" ","2025":" ","2026":"c","2027":"o","2028":"n","2029":"s","2030":"t","2031":" ","2032":"t","2033":"y","2034":"p","2035":"e","2036":"s","2037":" ","2038":"=","2039":" ","2040":"p","2041":"o","2042":"k","2043":"e","2044":"m","2045":"o","2046":"n","2047":"D","2048":"a","2049":"t","2050":"a","2051":".","2052":"t","2053":"y","2054":"p","2055":"e","2056":"s","2057":";","2058":"\\","2059":"n","2060":" ","2061":" ","2062":" ","2063":" ","2064":"c","2065":"o","2066":"n","2067":"s","2068":"t","2069":" ","2070":"i","2071":"m","2072":"a","2073":"g","2074":"e","2075":" ","2076":"=","2077":"\\","2078":"n","2079":" ","2080":" ","2081":" ","2082":" ","2083":" ","2084":" ","2085":"p","2086":"o","2087":"k","2088":"e","2089":"m","2090":"o","2091":"n","2092":"D","2093":"a","2094":"t","2095":"a","2096":".","2097":"s","2098":"p","2099":"r","2100":"i","2101":"t","2102":"e","2103":"s","2104":".","2105":"o","2106":"t","2107":"h","2108":"e","2109":"r","2110":"[","2111":"\\","2112":"\"","2113":"o","2114":"f","2115":"f","2116":"i","2117":"c","2118":"i","2119":"a","2120":"l","2121":"-","2122":"a","2123":"r","2124":"t","2125":"w","2126":"o","2127":"r","2128":"k","2129":"\\","2130":"\"","2131":"]","2132":"[","2133":"\\","2134":"\"","2135":"f","2136":"r","2137":"o","2138":"n","2139":"t","2140":"_","2141":"d","2142":"e","2143":"f","2144":"a","2145":"u","2146":"l","2147":"t","2148":"\\","2149":"\"","2150":"]","2151":";","2152":"\\","2153":"n","2154":"\\","2155":"n","2156":" ","2157":" ","2158":" ","2159":" ","2160":"c","2161":"o","2162":"n","2163":"s","2164":"t","2165":" ","2166":"h","2167":"a","2168":"n","2169":"d","2170":"l","2171":"e","2172":"C","2173":"l","2174":"i","2175":"c","2176":"k","2177":"C","2178":"a","2179":"r","2180":"d","2181":" ","2182":"=","2183":" ","2184":"(","2185":"p","2186":"o","2187":"k","2188":"e","2189":"m","2190":"o","2191":"n","2192":"N","2193":"a","2194":"m","2195":"e","2196":")","2197":" ","2198":"=","2199":">","2200":" ","2201":"{","2202":"\\","2203":"n","2204":" ","2205":" ","2206":" ","2207":" ","2208":" ","2209":" ","2210":"e","2211":"m","2212":"i","2213":"t","2214":"(","2215":"\\","2216":"\"","2217":"s","2218":"e","2219":"t","2220":"S","2221":"h","2222":"o","2223":"w","2224":"D","2225":"e","2226":"t","2227":"a","2228":"i","2229":"l","2230":"\\","2231":"\"","2232":",","2233":" ","2234":"t","2235":"r","2236":"u","2237":"e","2238":")","2239":";","2240":"\\","2241":"n","2242":" ","2243":" ","2244":" ","2245":" ","2246":" ","2247":" ","2248":"e","2249":"m","2250":"i","2251":"t","2252":"(","2253":"\\","2254":"\"","2255":"s","2256":"e","2257":"t","2258":"S","2259":"e","2260":"l","2261":"e","2262":"c","2263":"t","2264":"e","2265":"d","2266":"D","2267":"e","2268":"t","2269":"a","2270":"i","2271":"l","2272":"\\","2273":"\"","2274":",","2275":" ","2276":"p","2277":"o","2278":"k","2279":"e","2280":"m","2281":"o","2282":"n","2283":"N","2284":"a","2285":"m","2286":"e","2287":")","2288":";","2289":"\\","2290":"n","2291":" ","2292":" ","2293":" ","2294":" ","2295":"}","2296":";","2297":"\\","2298":"n","2299":"\\","2300":"n","2301":" ","2302":" ","2303":" ","2304":" ","2305":"r","2306":"e","2307":"t","2308":"u","2309":"r","2310":"n","2311":" ","2312":"{","2313":"\\","2314":"n","2315":" ","2316":" ","2317":" ","2318":" ","2319":" ","2320":" ","2321":"n","2322":"a","2323":"m","2324":"e","2325":",","2326":"\\","2327":"n","2328":" ","2329":" ","2330":" ","2331":" ","2332":" ","2333":" ","2334":"t","2335":"y","2336":"p","2337":"e","2338":"s","2339":",","2340":"\\","2341":"n","2342":" ","2343":" ","2344":" ","2345":" ","2346":" ","2347":" ","2348":"i","2349":"m","2350":"a","2351":"g","2352":"e","2353":",","2354":"\\","2355":"n","2356":" ","2357":" ","2358":" ","2359":" ","2360":" ","2361":" ","2362":"p","2363":"a","2364":"r","2365":"s","2366":"e","2367":"P","2368":"o","2369":"k","2370":"e","2371":"N","2372":"a","2373":"m","2374":"e","2375":",","2376":"\\","2377":"n","2378":" ","2379":" ","2380":" ","2381":" ","2382":" ","2383":" ","2384":"t","2385":"y","2386":"p","2387":"e","2388":"C","2389":"o","2390":"l","2391":"o","2392":"r","2393":",","2394":"\\","2395":"n","2396":" ","2397":" ","2398":" ","2399":" ","2400":" ","2401":" ","2402":"h","2403":"a","2404":"n","2405":"d","2406":"l","2407":"e","2408":"C","2409":"l","2410":"i","2411":"c","2412":"k","2413":"C","2414":"a","2415":"r","2416":"d","2417":",","2418":"\\","2419":"n","2420":" ","2421":" ","2422":" ","2423":" ","2424":"}","2425":";","2426":"\\","2427":"n","2428":" ","2429":" ","2430":"}","2431":",","2432":"\\","2433":"n","2434":"}","2435":";","2436":"\\","2437":"n","2438":"<","2439":"/","2440":"s","2441":"c","2442":"r","2443":"i","2444":"p","2445":"t","2446":">","2447":"\\","2448":"n","2449":"\\","2450":"n","2451":"<","2452":"s","2453":"t","2454":"y","2455":"l","2456":"e","2457":" ","2458":"l","2459":"a","2460":"n","2461":"g","2462":"=","2463":"\\","2464":"\"","2465":"s","2466":"c","2467":"s","2468":"s","2469":"\\","2470":"\"","2471":" ","2472":"s","2473":"c","2474":"o","2475":"p","2476":"e","2477":"d","2478":">","2479":"\\","2480":"n","2481":".","2482":"p","2483":"o","2484":"k","2485":"e","2486":"-","2487":"c","2488":"a","2489":"r","2490":"d","2491":"-","2492":"c","2493":"o","2494":"n","2495":"t","2496":"a","2497":"i","2498":"n","2499":"e","2500":"r","2501":" ","2502":"{","2503":"\\","2504":"n","2505":" ","2506":" ","2507":"w","2508":"i","2509":"d","2510":"t","2511":"h","2512":":","2513":" ","2514":"1","2515":"0","2516":"0","2517":"%","2518":";","2519":"\\","2520":"n","2521":" ","2522":" ","2523":"h","2524":"e","2525":"i","2526":"g","2527":"h","2528":"t","2529":":","2530":" ","2531":"1","2532":"3","2533":"0","2534":"p","2535":"x","2536":";","2537":"\\","2538":"n","2539":" ","2540":" ","2541":"d","2542":"i","2543":"s","2544":"p","2545":"l","2546":"a","2547":"y","2548":":","2549":" ","2550":"f","2551":"l","2552":"e","2553":"x","2554":";","2555":"\\","2556":"n","2557":" ","2558":" ","2559":"j","2560":"u","2561":"s","2562":"t","2563":"i","2564":"f","2565":"y","2566":"-","2567":"c","2568":"o","2569":"n","2570":"t","2571":"e","2572":"n","2573":"t","2574":":","2575":" ","2576":"s","2577":"p","2578":"a","2579":"c","2580":"e","2581":"-","2582":"b","2583":"e","2584":"t","2585":"w","2586":"e","2587":"e","2588":"n","2589":";","2590":"\\","2591":"n","2592":" ","2593":" ","2594":"b","2595":"a","2596":"c","2597":"k","2598":"g","2599":"r","2600":"o","2601":"u","2602":"n","2603":"d","2604":"-","2605":"c","2606":"o","2607":"l","2608":"o","2609":"r","2610":":","2611":" ","2612":"v","2613":"a","2614":"r","2615":"(","2616":"-","2617":"-","2618":"B","2619":"G","2620":"_","2621":"C","2622":"O","2623":"L","2624":"O","2625":"R","2626":"_","2627":"G","2628":"R","2629":"E","2630":"Y","2631":")","2632":";","2633":"\\","2634":"n","2635":" ","2636":" ","2637":"b","2638":"o","2639":"r","2640":"d","2641":"e","2642":"r","2643":"-","2644":"r","2645":"a","2646":"d","2647":"i","2648":"u","2649":"s","2650":":","2651":" ","2652":"4","2653":"p","2654":"x","2655":";","2656":"\\","2657":"n","2658":" ","2659":" ","2660":"c","2661":"u","2662":"r","2663":"s","2664":"o","2665":"r","2666":":","2667":" ","2668":"p","2669":"o","2670":"i","2671":"n","2672":"t","2673":"e","2674":"r","2675":";","2676":"\\","2677":"n","2678":" ","2679":" ","2680":"t","2681":"r","2682":"a","2683":"n","2684":"s","2685":"i","2686":"t","2687":"i","2688":"o","2689":"n","2690":":","2691":" ","2692":"0","2693":".","2694":"2","2695":"s","2696":" ","2697":"a","2698":"l","2699":"l","2700":" ","2701":"e","2702":"a","2703":"s","2704":"e","2705":";","2706":"\\","2707":"n","2708":"\\","2709":"n","2710":" ","2711":" ","2712":"&","2713":" ","2714":">","2715":" ","2716":".","2717":"c","2718":"a","2719":"r","2720":"d","2721":"-","2722":"d","2723":"e","2724":"t","2725":"a","2726":"i","2727":"l","2728":"-","2729":"c","2730":"o","2731":"n","2732":"t","2733":"a","2734":"i","2735":"n","2736":"e","2737":"r","2738":" ","2739":"{","2740":"\\","2741":"n","2742":" ","2743":" ","2744":" ","2745":" ","2746":"w","2747":"i","2748":"d","2749":"t","2750":"h","2751":":","2752":" ","2753":"6","2754":"0","2755":"%","2756":";","2757":"\\","2758":"n","2759":" ","2760":" ","2761":" ","2762":" ","2763":"h","2764":"e","2765":"i","2766":"g","2767":"h","2768":"t","2769":":","2770":" ","2771":"1","2772":"0","2773":"0","2774":"%","2775":";","2776":"\\","2777":"n","2778":" ","2779":" ","2780":" ","2781":" ","2782":"d","2783":"i","2784":"s","2785":"p","2786":"l","2787":"a","2788":"y","2789":":","2790":" ","2791":"f","2792":"l","2793":"e","2794":"x","2795":";","2796":"\\","2797":"n","2798":" ","2799":" ","2800":" ","2801":" ","2802":"f","2803":"l","2804":"e","2805":"x","2806":"-","2807":"d","2808":"i","2809":"r","2810":"e","2811":"c","2812":"t","2813":"i","2814":"o","2815":"n","2816":":","2817":" ","2818":"c","2819":"o","2820":"l","2821":"u","2822":"m","2823":"n","2824":";","2825":"\\","2826":"n","2827":" ","2828":" ","2829":" ","2830":" ","2831":"j","2832":"u","2833":"s","2834":"t","2835":"i","2836":"f","2837":"y","2838":"-","2839":"c","2840":"o","2841":"n","2842":"t","2843":"e","2844":"n","2845":"t","2846":":","2847":" ","2848":"s","2849":"p","2850":"a","2851":"c","2852":"e","2853":"-","2854":"b","2855":"e","2856":"t","2857":"w","2858":"e","2859":"e","2860":"n","2861":";","2862":"\\","2863":"n","2864":"\\","2865":"n","2866":" ","2867":" ","2868":" ","2869":" ","2870":"&","2871":" ","2872":">","2873":" ","2874":"p","2875":".","2876":"p","2877":"o","2878":"k","2879":"e","2880":"-","2881":"n","2882":"a","2883":"m","2884":"e","2885":" ","2886":"{","2887":"\\","2888":"n","2889":" ","2890":" ","2891":" ","2892":" ","2893":" ","2894":" ","2895":"f","2896":"o","2897":"n","2898":"t","2899":"-","2900":"f","2901":"a","2902":"m","2903":"i","2904":"l","2905":"y","2906":":","2907":" ","2908":"\\","2909":"\"","2910":"V","2911":"T","2912":"3","2913":"2","2914":"3","2915":"\\","2916":"\"","2917":",","2918":" ","2919":"m","2920":"o","2921":"n","2922":"o","2923":"s","2924":"p","2925":"a","2926":"c","2927":"e","2928":";","2929":"\\","2930":"n","2931":" ","2932":" ","2933":" ","2934":" ","2935":" ","2936":" ","2937":"f","2938":"o","2939":"n","2940":"t","2941":"-","2942":"s","2943":"i","2944":"z","2945":"e","2946":":","2947":" ","2948":"1","2949":".","2950":"6","2951":"r","2952":"e","2953":"m","2954":";","2955":"\\","2956":"n","2957":" ","2958":" ","2959":" ","2960":" ","2961":" ","2962":" ","2963":"m","2964":"a","2965":"r","2966":"g","2967":"i","2968":"n","2969":":","2970":" ","2971":"1","2972":"5","2973":"p","2974":"x","2975":" ","2976":"0","2977":" ","2978":"0","2979":" ","2980":"1","2981":"5","2982":"p","2983":"x","2984":";","2985":"\\","2986":"n","2987":" ","2988":" ","2989":" ","2990":" ","2991":" ","2992":" ","2993":"c","2994":"o","2995":"l","2996":"o","2997":"r","2998":":","2999":" ","3000":"v","3001":"a","3002":"r","3003":"(","3004":"-","3005":"-","3006":"T","3007":"E","3008":"X","3009":"T","3010":"_","3011":"C","3012":"O","3013":"L","3014":"O","3015":"R","3016":"_","3017":"2","3018":")","3019":";","3020":"\\","3021":"n","3022":" ","3023":" ","3024":" ","3025":" ","3026":"}","3027":"\\","3028":"n","3029":"\\","3030":"n","3031":" ","3032":" ","3033":" ","3034":" ","3035":"&","3036":" ","3037":">","3038":" ","3039":".","3040":"t","3041":"y","3042":"p","3043":"e","3044":"-","3045":"c","3046":"o","3047":"n","3048":"t","3049":"a","3050":"i","3051":"n","3052":"e","3053":"r","3054":" ","3055":"{","3056":"\\","3057":"n","3058":" ","3059":" ","3060":" ","3061":" ","3062":" ","3063":" ","3064":"w","3065":"i","3066":"d","3067":"t","3068":"h","3069":":","3070":" ","3071":"1","3072":"0","3073":"0","3074":"%","3075":";","3076":"\\","3077":"n","3078":" ","3079":" ","3080":" ","3081":" ","3082":" ","3083":" ","3084":"h","3085":"e","3086":"i","3087":"g","3088":"h","3089":"t","3090":":","3091":" ","3092":"2","3093":"5","3094":"p","3095":"x","3096":";","3097":"\\","3098":"n","3099":" ","3100":" ","3101":" ","3102":" ","3103":" ","3104":" ","3105":"d","3106":"i","3107":"s","3108":"p","3109":"l","3110":"a","3111":"y","3112":":","3113":" ","3114":"f","3115":"l","3116":"e","3117":"x","3118":";","3119":"\\","3120":"n","3121":" ","3122":" ","3123":" ","3124":" ","3125":" ","3126":" ","3127":"m","3128":"a","3129":"r","3130":"g","3131":"i","3132":"n","3133":":","3134":" ","3135":"0","3136":" ","3137":"0","3138":" ","3139":"1","3140":"5","3141":"p","3142":"x","3143":" ","3144":"1","3145":"5","3146":"p","3147":"x","3148":";","3149":"\\","3150":"n","3151":" ","3152":" ","3153":" ","3154":" ","3155":" ","3156":" ","3157":"g","3158":"a","3159":"p","3160":":","3161":" ","3162":"5","3163":"p","3164":"x","3165":";","3166":"\\","3167":"n","3168":"\\","3169":"n","3170":" ","3171":" ","3172":" ","3173":" ","3174":" ","3175":" ","3176":"&","3177":" ","3178":">","3179":" ","3180":".","3181":"t","3182":"y","3183":"p","3184":"e","3185":"-","3186":"t","3187":"a","3188":"g","3189":" ","3190":"{","3191":"\\","3192":"n","3193":" ","3194":" ","3195":" ","3196":" ","3197":" ","3198":" ","3199":" ","3200":" ","3201":"w","3202":"i","3203":"d","3204":"t","3205":"h","3206":":","3207":" ","3208":"a","3209":"u","3210":"t","3211":"o","3212":";","3213":"\\","3214":"n","3215":" ","3216":" ","3217":" ","3218":" ","3219":" ","3220":" ","3221":" ","3222":" ","3223":"m","3224":"i","3225":"n","3226":"-","3227":"w","3228":"i","3229":"d","3230":"t","3231":"h","3232":":","3233":" ","3234":"5","3235":"0","3236":"p","3237":"x","3238":";","3239":"\\","3240":"n","3241":" ","3242":" ","3243":" ","3244":" ","3245":" ","3246":" ","3247":" ","3248":" ","3249":"h","3250":"e","3251":"i","3252":"g","3253":"h","3254":"t","3255":":","3256":" ","3257":"2","3258":"5","3259":"p","3260":"x","3261":";","3262":"\\","3263":"n","3264":" ","3265":" ","3266":" ","3267":" ","3268":" ","3269":" ","3270":" ","3271":" ","3272":"d","3273":"i","3274":"s","3275":"p","3276":"l","3277":"a","3278":"y","3279":":","3280":" ","3281":"f","3282":"l","3283":"e","3284":"x","3285":";","3286":"\\","3287":"n","3288":" ","3289":" ","3290":" ","3291":" ","3292":" ","3293":" ","3294":" ","3295":" ","3296":"j","3297":"u","3298":"s","3299":"t","3300":"i","3301":"f","3302":"y","3303":"-","3304":"c","3305":"o","3306":"n","3307":"t","3308":"e","3309":"n","3310":"t","3311":":","3312":" ","3313":"c","3314":"e","3315":"n","3316":"t","3317":"e","3318":"r","3319":";","3320":"\\","3321":"n","3322":" ","3323":" ","3324":" ","3325":" ","3326":" ","3327":" ","3328":" ","3329":" ","3330":"a","3331":"l","3332":"i","3333":"g","3334":"n","3335":"-","3336":"i","3337":"t","3338":"e","3339":"m","3340":"s","3341":":","3342":" ","3343":"c","3344":"e","3345":"n","3346":"t","3347":"e","3348":"r","3349":";","3350":"\\","3351":"n","3352":" ","3353":" ","3354":" ","3355":" ","3356":" ","3357":" ","3358":" ","3359":" ","3360":"p","3361":"a","3362":"d","3363":"d","3364":"i","3365":"n","3366":"g","3367":":","3368":" ","3369":"4","3370":"p","3371":"x","3372":";","3373":"\\","3374":"n","3375":" ","3376":" ","3377":" ","3378":" ","3379":" ","3380":" ","3381":" ","3382":" ","3383":"b","3384":"a","3385":"c","3386":"k","3387":"g","3388":"r","3389":"o","3390":"u","3391":"n","3392":"d","3393":"-","3394":"c","3395":"o","3396":"l","3397":"o","3398":"r","3399":":","3400":" ","3401":"v","3402":"a","3403":"r","3404":"(","3405":"-","3406":"-","3407":"B","3408":"G","3409":"_","3410":"C","3411":"O","3412":"L","3413":"O","3414":"R","3415":"_","3416":"G","3417":"R","3418":"E","3419":"Y","3420":")","3421":";","3422":"\\","3423":"n","3424":" ","3425":" ","3426":" ","3427":" ","3428":" ","3429":" ","3430":" ","3431":" ","3432":"f","3433":"i","3434":"l","3435":"t","3436":"e","3437":"r","3438":":","3439":" ","3440":"b","3441":"r","3442":"i","3443":"g","3444":"h","3445":"t","3446":"n","3447":"e","3448":"s","3449":"s","3450":"(","3451":"1","3452":".","3453":"1","3454":")","3455":";","3456":"\\","3457":"n","3458":" ","3459":" ","3460":" ","3461":" ","3462":" ","3463":" ","3464":" ","3465":" ","3466":"b","3467":"o","3468":"r","3469":"d","3470":"e","3471":"r","3472":"-","3473":"r","3474":"a","3475":"d","3476":"i","3477":"u","3478":"s","3479":":","3480":" ","3481":"4","3482":"p","3483":"x","3484":";","3485":"\\","3486":"n","3487":" ","3488":" ","3489":" ","3490":" ","3491":" ","3492":" ","3493":" ","3494":" ","3495":"f","3496":"o","3497":"n","3498":"t","3499":"-","3500":"s","3501":"i","3502":"z","3503":"e","3504":":","3505":" ","3506":"1","3507":"2","3508":"p","3509":"x","3510":";","3511":"\\","3512":"n","3513":" ","3514":" ","3515":" ","3516":" ","3517":" ","3518":" ","3519":"}","3520":"\\","3521":"n","3522":" ","3523":" ","3524":" ","3525":" ","3526":"}","3527":"\\","3528":"n","3529":" ","3530":" ","3531":"}","3532":"\\","3533":"n","3534":"\\","3535":"n","3536":" ","3537":" ","3538":"&","3539":" ","3540":">","3541":" ","3542":".","3543":"c","3544":"a","3545":"r","3546":"d","3547":"-","3548":"i","3549":"m","3550":"a","3551":"g","3552":"e","3553":"-","3554":"c","3555":"o","3556":"n","3557":"t","3558":"a","3559":"i","3560":"n","3561":"e","3562":"r","3563":" ","3564":"{","3565":"\\","3566":"n","3567":" ","3568":" ","3569":" ","3570":" ","3571":"w","3572":"i","3573":"d","3574":"t","3575":"h","3576":":","3577":" ","3578":"4","3579":"0","3580":"%","3581":";","3582":"\\","3583":"n","3584":" ","3585":" ","3586":" ","3587":" ","3588":"h","3589":"e","3590":"i","3591":"g","3592":"h","3593":"t","3594":":","3595":" ","3596":"1","3597":"0","3598":"0","3599":"%","3600":";","3601":"\\","3602":"n","3603":" ","3604":" ","3605":" ","3606":" ","3607":"d","3608":"i","3609":"s","3610":"p","3611":"l","3612":"a","3613":"y","3614":":","3615":" ","3616":"f","3617":"l","3618":"e","3619":"x","3620":";","3621":"\\","3622":"n","3623":" ","3624":" ","3625":" ","3626":" ","3627":"j","3628":"u","3629":"s","3630":"t","3631":"i","3632":"f","3633":"y","3634":"-","3635":"c","3636":"o","3637":"n","3638":"t","3639":"e","3640":"n","3641":"t","3642":":","3643":" ","3644":"c","3645":"e","3646":"n","3647":"t","3648":"e","3649":"r","3650":";","3651":"\\","3652":"n","3653":" ","3654":" ","3655":" ","3656":" ","3657":"a","3658":"l","3659":"i","3660":"g","3661":"n","3662":"-","3663":"i","3664":"t","3665":"e","3666":"m","3667":"s","3668":":","3669":" ","3670":"c","3671":"e","3672":"n","3673":"t","3674":"e","3675":"r","3676":";","3677":"\\","3678":"n","3679":" ","3680":" ","3681":" ","3682":" ","3683":"p","3684":"o","3685":"s","3686":"i","3687":"t","3688":"i","3689":"o","3690":"n","3691":":","3692":" ","3693":"r","3694":"e","3695":"l","3696":"a","3697":"t","3698":"i","3699":"v","3700":"e","3701":";","3702":"\\","3703":"n","3704":"\\","3705":"n","3706":" ","3707":" ","3708":" ","3709":" ","3710":"&","3711":" ","3712":">","3713":" ","3714":"i","3715":"m","3716":"g","3717":".","3718":"p","3719":"o","3720":"k","3721":"e","3722":"b","3723":"a","3724":"l","3725":"l","3726":"-","3727":"b","3728":"g","3729":" ","3730":"{","3731":"\\","3732":"n","3733":" ","3734":" ","3735":" ","3736":" ","3737":" ","3738":" ","3739":"h","3740":"e","3741":"i","3742":"g","3743":"h","3744":"t","3745":":","3746":" ","3747":"8","3748":"0","3749":"%","3750":";","3751":"\\","3752":"n","3753":" ","3754":" ","3755":" ","3756":" ","3757":" ","3758":" ","3759":"f","3760":"i","3761":"l","3762":"t","3763":"e","3764":"r","3765":":","3766":" ","3767":"o","3768":"p","3769":"a","3770":"c","3771":"i","3772":"t","3773":"y","3774":"(","3775":"1","3776":"5","3777":"%","3778":")","3779":";","3780":"\\","3781":"n","3782":" ","3783":" ","3784":" ","3785":" ","3786":" ","3787":" ","3788":"p","3789":"o","3790":"s","3791":"i","3792":"t","3793":"i","3794":"o","3795":"n","3796":":","3797":" ","3798":"a","3799":"b","3800":"s","3801":"o","3802":"l","3803":"u","3804":"t","3805":"e","3806":";","3807":"\\","3808":"n","3809":" ","3810":" ","3811":" ","3812":" ","3813":"}","3814":"\\","3815":"n","3816":"\\","3817":"n","3818":" ","3819":" ","3820":" ","3821":" ","3822":"&","3823":" ","3824":">","3825":" ","3826":"i","3827":"m","3828":"g","3829":".","3830":"p","3831":"o","3832":"k","3833":"e","3834":"-","3835":"a","3836":"v","3837":"a","3838":"t","3839":"a","3840":"r","3841":" ","3842":"{","3843":"\\","3844":"n","3845":" ","3846":" ","3847":" ","3848":" ","3849":" ","3850":" ","3851":"h","3852":"e","3853":"i","3854":"g","3855":"h","3856":"t","3857":":","3858":" ","3859":"9","3860":"0","3861":"%","3862":";","3863":"\\","3864":"n","3865":" ","3866":" ","3867":" ","3868":" ","3869":" ","3870":" ","3871":"f","3872":"i","3873":"l","3874":"t","3875":"e","3876":"r","3877":":","3878":" ","3879":"g","3880":"r","3881":"a","3882":"y","3883":"s","3884":"c","3885":"a","3886":"l","3887":"e","3888":"(","3889":"4","3890":"0","3891":"%","3892":")","3893":";","3894":"\\","3895":"n","3896":" ","3897":" ","3898":" ","3899":" ","3900":" ","3901":" ","3902":"t","3903":"r","3904":"a","3905":"n","3906":"s","3907":"i","3908":"t","3909":"i","3910":"o","3911":"n","3912":":","3913":" ","3914":"0","3915":".","3916":"2","3917":"s","3918":" ","3919":"a","3920":"l","3921":"l","3922":" ","3923":"e","3924":"a","3925":"s","3926":"e","3927":";","3928":"\\","3929":"n","3930":" ","3931":" ","3932":" ","3933":" ","3934":" ","3935":" ","3936":"u","3937":"s","3938":"e","3939":"r","3940":"-","3941":"s","3942":"e","3943":"l","3944":"e","3945":"c","3946":"t","3947":":","3948":" ","3949":"n","3950":"o","3951":"n","3952":"e","3953":";","3954":"\\","3955":"n","3956":" ","3957":" ","3958":" ","3959":" ","3960":" ","3961":" ","3962":"-","3963":"w","3964":"e","3965":"b","3966":"k","3967":"i","3968":"t","3969":"-","3970":"t","3971":"a","3972":"p","3973":"-","3974":"h","3975":"i","3976":"g","3977":"h","3978":"l","3979":"i","3980":"g","3981":"h","3982":"t","3983":"-","3984":"c","3985":"o","3986":"l","3987":"o","3988":"r","3989":":","3990":" ","3991":"t","3992":"r","3993":"a","3994":"n","3995":"s","3996":"p","3997":"a","3998":"r","3999":"e","4000":"n","4001":"t","4002":";","4003":"\\","4004":"n","4005":" ","4006":" ","4007":" ","4008":" ","4009":"}","4010":"\\","4011":"n","4012":" ","4013":" ","4014":"}","4015":"\\","4016":"n","4017":"\\","4018":"n","4019":" ","4020":" ","4021":"&","4022":":","4023":"h","4024":"o","4025":"v","4026":"e","4027":"r","4028":" ","4029":"{","4030":"\\","4031":"n","4032":" ","4033":" ","4034":" ","4035":" ","4036":"b","4037":"o","4038":"x","4039":"-","4040":"s","4041":"h","4042":"a","4043":"d","4044":"o","4045":"w","4046":":","4047":" ","4048":"0","4049":" ","4050":"4","4051":"p","4052":"x","4053":" ","4054":"8","4055":"p","4056":"x","4057":" ","4058":"r","4059":"g","4060":"b","4061":"a","4062":"(","4063":"0","4064":",","4065":" ","4066":"0","4067":",","4068":" ","4069":"0","4070":",","4071":" ","4072":"0","4073":".","4074":"2","4075":")","4076":";","4077":"\\","4078":"n","4079":" ","4080":" ","4081":"}","4082":"\\","4083":"n","4084":"\\","4085":"n","4086":" ","4087":" ","4088":"&","4089":":","4090":"h","4091":"o","4092":"v","4093":"e","4094":"r","4095":" ","4096":">","4097":" ","4098":".","4099":"c","4100":"a","4101":"r","4102":"d","4103":"-","4104":"i","4105":"m","4106":"a","4107":"g","4108":"e","4109":"-","4110":"c","4111":"o","4112":"n","4113":"t","4114":"a","4115":"i","4116":"n","4117":"e","4118":"r","4119":" ","4120":">","4121":" ","4122":"i","4123":"m","4124":"g","4125":".","4126":"p","4127":"o","4128":"k","4129":"e","4130":"-","4131":"a","4132":"v","4133":"a","4134":"t","4135":"a","4136":"r","4137":" ","4138":"{","4139":"\\","4140":"n","4141":" ","4142":" ","4143":" ","4144":" ","4145":"t","4146":"r","4147":"a","4148":"n","4149":"s","4150":"f","4151":"o","4152":"r","4153":"m","4154":":","4155":" ","4156":"s","4157":"c","4158":"a","4159":"l","4160":"e","4161":"(","4162":"1","4163":".","4164":"4","4165":")","4166":";","4167":"\\","4168":"n","4169":" ","4170":" ","4171":" ","4172":" ","4173":"f","4174":"i","4175":"l","4176":"t","4177":"e","4178":"r","4179":":","4180":" ","4181":"g","4182":"r","4183":"a","4184":"y","4185":"s","4186":"c","4187":"a","4188":"l","4189":"e","4190":"(","4191":"0","4192":"%","4193":")","4194":";","4195":"\\","4196":"n","4197":" ","4198":" ","4199":"}","4200":"\\","4201":"n","4202":"}","4203":"\\","4204":"n","4205":"<","4206":"/","4207":"s","4208":"t","4209":"y","4210":"l","4211":"e","4212":">","4213":"\\","4214":"n","4215":"\"","4216":"]","4217":"}"},"_coverageSchema":"1a1c01bbd47fc00a2c39e90264f33305004495a9","hash":"6d5494513e92ede0fd7835da0f492251d95e6ea6"}
,"/Users/bhakti/Documents/Portfolio/PokeDex/frontend-pokedex/src/components/index.js": {"path":"/Users/bhakti/Documents/Portfolio/PokeDex/frontend-pokedex/src/components/index.js","statementMap":{},"fnMap":{},"branchMap":{},"s":{},"f":{},"b":{},"_coverageSchema":"1a1c01bbd47fc00a2c39e90264f33305004495a9","hash":"5d30849fe2e8ebcbddb6b9e60f74a7df132cbf1e"}
,"/Users/bhakti/Documents/Portfolio/PokeDex/frontend-pokedex/src/composables/index.js": {"path":"/Users/bhakti/Documents/Portfolio/PokeDex/frontend-pokedex/src/composables/index.js","statementMap":{},"fnMap":{},"branchMap":{},"s":{},"f":{},"b":{},"_coverageSchema":"1a1c01bbd47fc00a2c39e90264f33305004495a9","hash":"2d32ba824cce4ff29950e39b2db51a8e9d9b03ed"}
,"/Users/bhakti/Documents/Portfolio/PokeDex/frontend-pokedex/src/composables/useAxios.js": {"path":"/Users/bhakti/Documents/Portfolio/PokeDex/frontend-pokedex/src/composables/useAxios.js","statementMap":{"0":{"start":{"line":5,"column":17},"end":{"line":62,"column":1}},"1":{"start":{"line":6,"column":19},"end":{"line":6,"column":26}},"2":{"start":{"line":7,"column":16},"end":{"line":7,"column":23}},"3":{"start":{"line":8,"column":18},"end":{"line":8,"column":28}},"4":{"start":{"line":9,"column":20},"end":{"line":9,"column":30}},"5":{"start":{"line":10,"column":18},"end":{"line":10,"column":28}},"6":{"start":{"line":11,"column":21},"end":{"line":11,"column":26}},"7":{"start":{"line":13,"column":21},"end":{"line":47,"column":3}},"8":{"start":{"line":14,"column":60},"end":{"line":14,"column":72}},"9":{"start":{"line":16,"column":4},"end":{"line":46,"column":5}},"10":{"start":{"line":17,"column":6},"end":{"line":17,"column":27}},"11":{"start":{"line":18,"column":19},"end":{"line":18,"column":40}},"12":{"start":{"line":19,"column":6},"end":{"line":19,"column":30}},"13":{"start":{"line":21,"column":18},"end":{"line":24,"column":7}},"14":{"start":{"line":26,"column":6},"end":{"line":26,"column":33}},"15":{"start":{"line":27,"column":6},"end":{"line":27,"column":29}},"16":{"start":{"line":28,"column":6},"end":{"line":28,"column":28}},"17":{"start":{"line":29,"column":6},"end":{"line":29,"column":23}},"18":{"start":{"line":31,"column":6},"end":{"line":32,"column":72}},"19":{"start":{"line":32,"column":8},"end":{"line":32,"column":72}},"20":{"start":{"line":34,"column":6},"end":{"line":34,"column":26}},"21":{"start":{"line":35,"column":6},"end":{"line":35,"column":30}},"22":{"start":{"line":36,"column":6},"end":{"line":36,"column":27}},"23":{"start":{"line":37,"column":6},"end":{"line":37,"column":40}},"24":{"start":{"line":39,"column":6},"end":{"line":43,"column":10}},"25":{"start":{"line":40,"column":8},"end":{"line":43,"column":10}},"26":{"start":{"line":45,"column":6},"end":{"line":45,"column":28}},"27":{"start":{"line":49,"column":2},"end":{"line":51,"column":5}},"28":{"start":{"line":50,"column":4},"end":{"line":50,"column":25}},"29":{"start":{"line":50,"column":13},"end":{"line":50,"column":25}},"30":{"start":{"line":53,"column":2},"end":{"line":61,"column":4}}},"fnMap":{"0":{"name":"(anonymous_0)","decl":{"start":{"line":5,"column":17},"end":{"line":5,"column":18}},"loc":{"start":{"line":5,"column":23},"end":{"line":62,"column":1}},"line":5},"1":{"name":"(anonymous_1)","decl":{"start":{"line":13,"column":21},"end":{"line":13,"column":22}},"loc":{"start":{"line":13,"column":45},"end":{"line":47,"column":3}},"line":13},"2":{"name":"(anonymous_2)","decl":{"start":{"line":49,"column":20},"end":{"line":49,"column":21}},"loc":{"start":{"line":49,"column":29},"end":{"line":51,"column":3}},"line":49}},"branchMap":{"0":{"loc":{"start":{"line":14,"column":25},"end":{"line":14,"column":41}},"type":"default-arg","locations":[{"start":{"line":14,"column":39},"end":{"line":14,"column":41}}],"line":14},"1":{"loc":{"start":{"line":14,"column":43},"end":{"line":14,"column":55}},"type":"default-arg","locations":[{"start":{"line":14,"column":53},"end":{"line":14,"column":55}}],"line":14},"2":{"loc":{"start":{"line":31,"column":6},"end":{"line":32,"column":72}},"type":"if","locations":[{"start":{"line":31,"column":6},"end":{"line":32,"column":72}},{"start":{},"end":{}}],"line":31},"3":{"loc":{"start":{"line":39,"column":6},"end":{"line":43,"column":10}},"type":"if","locations":[{"start":{"line":39,"column":6},"end":{"line":43,"column":10}},{"start":{},"end":{}}],"line":39},"4":{"loc":{"start":{"line":50,"column":4},"end":{"line":50,"column":25}},"type":"if","locations":[{"start":{"line":50,"column":4},"end":{"line":50,"column":25}},{"start":{},"end":{}}],"line":50}},"s":{"0":1,"1":5,"2":5,"3":5,"4":5,"5":5,"6":5,"7":5,"8":4,"9":4,"10":4,"11":4,"12":4,"13":4,"14":3,"15":3,"16":3,"17":3,"18":3,"19":0,"20":1,"21":1,"22":1,"23":1,"24":1,"25":0,"26":4,"27":5,"28":4,"29":4,"30":5},"f":{"0":5,"1":4,"2":4},"b":{"0":[4],"1":[4],"2":[0,3],"3":[0,1],"4":[4,0]},"_coverageSchema":"1a1c01bbd47fc00a2c39e90264f33305004495a9","hash":"589c14adf9702ea6d07351650a7c09d6556ac240"}
,"/Users/bhakti/Documents/Portfolio/PokeDex/frontend-pokedex/src/configs/appConfig.js": {"path":"/Users/bhakti/Documents/Portfolio/PokeDex/frontend-pokedex/src/configs/appConfig.js","statementMap":{"0":{"start":{"line":1,"column":15},"end":{"line":1,"column":35}},"1":{"start":{"line":4,"column":2},"end":{"line":12,"column":7}}},"fnMap":{},"branchMap":{"0":{"loc":{"start":{"line":4,"column":2},"end":{"line":12,"column":7}},"type":"cond-expr","locations":[{"start":{"line":5,"column":6},"end":{"line":8,"column":7}},{"start":{"line":9,"column":6},"end":{"line":12,"column":7}}],"line":4}},"s":{"0":1,"1":1},"f":{},"b":{"0":[0,1]},"_coverageSchema":"1a1c01bbd47fc00a2c39e90264f33305004495a9","hash":"988887e189eb3dbc653e320f07ea43cd83afbca6"}
,"/Users/bhakti/Documents/Portfolio/PokeDex/frontend-pokedex/src/configs/index.js": {"path":"/Users/bhakti/Documents/Portfolio/PokeDex/frontend-pokedex/src/configs/index.js","statementMap":{},"fnMap":{},"branchMap":{},"s":{},"f":{},"b":{},"_coverageSchema":"1a1c01bbd47fc00a2c39e90264f33305004495a9","hash":"2bcd8ada5a43d8015972843dbace9d2d4dd6014d"}
,"/Users/bhakti/Documents/Portfolio/PokeDex/frontend-pokedex/src/constants/color.js": {"path":"/Users/bhakti/Documents/Portfolio/PokeDex/frontend-pokedex/src/constants/color.js","statementMap":{"0":{"start":{"line":1,"column":25},"end":{"line":22,"column":1}}},"fnMap":{},"branchMap":{},"s":{"0":1},"f":{},"b":{},"_coverageSchema":"1a1c01bbd47fc00a2c39e90264f33305004495a9","hash":"6a169f740d74f273ecc8a8008c1169578db136ee"}
,"/Users/bhakti/Documents/Portfolio/PokeDex/frontend-pokedex/src/constants/index.js": {"path":"/Users/bhakti/Documents/Portfolio/PokeDex/frontend-pokedex/src/constants/index.js","statementMap":{},"fnMap":{},"branchMap":{},"s":{},"f":{},"b":{},"_coverageSchema":"1a1c01bbd47fc00a2c39e90264f33305004495a9","hash":"c9c2903557ef7c5d7d7df20de0b6d293b1f6b6ce"}
,"/Users/bhakti/Documents/Portfolio/PokeDex/frontend-pokedex/src/constants/string.js": {"path":"/Users/bhakti/Documents/Portfolio/PokeDex/frontend-pokedex/src/constants/string.js","statementMap":{"0":{"start":{"line":1,"column":22},"end":{"line":3,"column":1}}},"fnMap":{},"branchMap":{},"s":{"0":1},"f":{},"b":{},"_coverageSchema":"1a1c01bbd47fc00a2c39e90264f33305004495a9","hash":"95ed381ad37470a3c79a0b3950e9419bdc216918"}
,"/Users/bhakti/Documents/Portfolio/PokeDex/frontend-pokedex/src/utils/index.js": {"path":"/Users/bhakti/Documents/Portfolio/PokeDex/frontend-pokedex/src/utils/index.js","statementMap":{},"fnMap":{},"branchMap":{},"s":{},"f":{},"b":{},"_coverageSchema":"1a1c01bbd47fc00a2c39e90264f33305004495a9","hash":"89fc5f8c22f30c90f5b868a20881b8992e607c25"}
,"/Users/bhakti/Documents/Portfolio/PokeDex/frontend-pokedex/src/utils/parsePokeName.js": {"path":"/Users/bhakti/Documents/Portfolio/PokeDex/frontend-pokedex/src/utils/parsePokeName.js","statementMap":{"0":{"start":{"line":1,"column":29},"end":{"line":7,"column":1}},"1":{"start":{"line":2,"column":2},"end":{"line":2,"column":73}},"2":{"start":{"line":2,"column":33},"end":{"line":2,"column":73}},"3":{"start":{"line":3,"column":2},"end":{"line":6,"column":15}},"4":{"start":{"line":5,"column":19},"end":{"line":5,"column":63}}},"fnMap":{"0":{"name":"(anonymous_0)","decl":{"start":{"line":1,"column":29},"end":{"line":1,"column":30}},"loc":{"start":{"line":1,"column":40},"end":{"line":7,"column":1}},"line":1},"1":{"name":"(anonymous_1)","decl":{"start":{"line":5,"column":9},"end":{"line":5,"column":10}},"loc":{"start":{"line":5,"column":19},"end":{"line":5,"column":63}},"line":5}},"branchMap":{"0":{"loc":{"start":{"line":2,"column":2},"end":{"line":2,"column":73}},"type":"if","locations":[{"start":{"line":2,"column":2},"end":{"line":2,"column":73}},{"start":{},"end":{}}],"line":2}},"s":{"0":2,"1":8,"2":1,"3":7,"4":10},"f":{"0":8,"1":10},"b":{"0":[1,7]},"_coverageSchema":"1a1c01bbd47fc00a2c39e90264f33305004495a9","hash":"48495fb785136fa5d1f63617ba61127d60afd512"}
}
