{"/Users/bhakti/Documents/Portfolio/PokeDex/frontend-pokedex/src/components/HelloWorld.vue": {"path":"/Users/bhakti/Documents/Portfolio/PokeDex/frontend-pokedex/src/components/HelloWorld.vue","statementMap":{"0":{"start":{"line":4,"column":0},"end":{"line":6,"column":3}},"1":{"start":{"line":7,"column":0},"end":{"line":7,"column":25}},"2":{"start":{"line":8,"column":15},"end":{"line":13,"column":1}},"3":{"start":{"line":16,"column":0},"end":{"line":16,"column":13}},"4":{"start":{"line":18,"column":0},"end":{"line":20,"column":3}},"5":{"start":{"line":21,"column":0},"end":{"line":21,"column":24}},"6":{"start":{"line":22,"column":11},"end":{"line":22,"column":25}},"7":{"start":{"line":23,"column":19},"end":{"line":25,"column":1}},"8":{"start":{"line":26,"column":32},"end":{"line":26,"column":2026}},"9":{"start":{"line":28,"column":2},"end":{"line":28,"column":187}},"10":{"start":{"line":29,"column":2},"end":{"line":29,"column":49}}},"fnMap":{"0":{"name":"render","decl":{"start":{"line":27,"column":9},"end":{"line":27,"column":15}},"loc":{"start":{"line":27,"column":30},"end":{"line":29,"column":1}},"line":27}},"branchMap":{},"s":{"0":1,"1":1,"2":1,"3":1,"4":1,"5":1,"6":1,"7":1,"8":1,"9":1,"10":1},"f":{"0":1},"b":{},"inputSourceMap":{"0":"{","1":"\"","2":"v","3":"e","4":"r","5":"s","6":"i","7":"o","8":"n","9":"\"","10":":","11":"3","12":",","13":"\"","14":"s","15":"o","16":"u","17":"r","18":"c","19":"e","20":"s","21":"\"","22":":","23":"[","24":"\"","25":"/","26":"U","27":"s","28":"e","29":"r","30":"s","31":"/","32":"b","33":"h","34":"a","35":"k","36":"t","37":"i","38":"/","39":"D","40":"o","41":"c","42":"u","43":"m","44":"e","45":"n","46":"t","47":"s","48":"/","49":"P","50":"o","51":"r","52":"t","53":"f","54":"o","55":"l","56":"i","57":"o","58":"/","59":"P","60":"o","61":"k","62":"e","63":"D","64":"e","65":"x","66":"/","67":"f","68":"r","69":"o","70":"n","71":"t","72":"e","73":"n","74":"d","75":"-","76":"p","77":"o","78":"k","79":"e","80":"d","81":"e","82":"x","83":"/","84":"s","85":"r","86":"c","87":"/","88":"c","89":"o","90":"m","91":"p","92":"o","93":"n","94":"e","95":"n","96":"t","97":"s","98":"/","99":"H","100":"e","101":"l","102":"l","103":"o","104":"W","105":"o","106":"r","107":"l","108":"d","109":".","110":"v","111":"u","112":"e","113":"\"","114":"]","115":",","116":"\"","117":"n","118":"a","119":"m","120":"e","121":"s","122":"\"","123":":","124":"[","125":"]","126":",","127":"\"","128":"m","129":"a","130":"p","131":"p","132":"i","133":"n","134":"g","135":"s","136":"\"","137":":","138":"\"","139":";","140":";","141":";","142":";","143":";","144":";","145":";","146":"e","147":"A","148":"o","149":"C","150":"e","151":";","152":"E","153":"A","154":"C","155":"b","156":",","157":"I","158":"A","159":"A","160":"I","161":",","162":"E","163":"A","164":"A","165":"E","166":",","167":"Y","168":"A","169":"A","170":"Y","171":";","172":"E","173":"A","174":"C","175":"l","176":"B","177":",","178":"K","179":"A","180":"A","181":"K","182":",","183":"E","184":"A","185":"A","186":"E","187":";","188":"I","189":"A","190":"C","191":"L","192":",","193":"G","194":"A","195":"A","196":"G","197":",","198":"E","199":"A","200":"A","201":"E","202":";","203":"E","204":"A","205":"C","206":"P","207":";","208":"A","209":"A","210":"C","211":"F","212":",","213":"C","214":"A","215":"A","216":"C","217":";","218":"A","219":"A","220":"A","221":"A","222":";","223":"A","224":"A","225":"A","226":"A","227":"\"","228":",","229":"\"","230":"f","231":"i","232":"l","233":"e","234":"\"","235":":","236":"\"","237":"/","238":"U","239":"s","240":"e","241":"r","242":"s","243":"/","244":"b","245":"h","246":"a","247":"k","248":"t","249":"i","250":"/","251":"D","252":"o","253":"c","254":"u","255":"m","256":"e","257":"n","258":"t","259":"s","260":"/","261":"P","262":"o","263":"r","264":"t","265":"f","266":"o","267":"l","268":"i","269":"o","270":"/","271":"P","272":"o","273":"k","274":"e","275":"D","276":"e","277":"x","278":"/","279":"f","280":"r","281":"o","282":"n","283":"t","284":"e","285":"n","286":"d","287":"-","288":"p","289":"o","290":"k","291":"e","292":"d","293":"e","294":"x","295":"/","296":"s","297":"r","298":"c","299":"/","300":"c","301":"o","302":"m","303":"p","304":"o","305":"n","306":"e","307":"n","308":"t","309":"s","310":"/","311":"H","312":"e","313":"l","314":"l","315":"o","316":"W","317":"o","318":"r","319":"l","320":"d","321":".","322":"v","323":"u","324":"e","325":"\"","326":",","327":"\"","328":"s","329":"o","330":"u","331":"r","332":"c","333":"e","334":"s","335":"C","336":"o","337":"n","338":"t","339":"e","340":"n","341":"t","342":"\"","343":":","344":"[","345":"\"","346":"<","347":"t","348":"e","349":"m","350":"p","351":"l","352":"a","353":"t","354":"e","355":">","356":"\\","357":"n","358":" ","359":" ","360":"<","361":"d","362":"i","363":"v","364":" ","365":"c","366":"l","367":"a","368":"s","369":"s","370":"=","371":"\\","372":"\"","373":"h","374":"e","375":"l","376":"l","377":"o","378":"\\","379":"\"","380":">","381":"\\","382":"n","383":" ","384":" ","385":" ","386":" ","387":"<","388":"h","389":"1","390":">","391":"{","392":"{","393":" ","394":"m","395":"s","396":"g","397":" ","398":"}","399":"}","400":"<","401":"/","402":"h","403":"1","404":">","405":"\\","406":"n","407":" ","408":" ","409":" ","410":" ","411":"<","412":"p","413":">","414":"\\","415":"n","416":" ","417":" ","418":" ","419":" ","420":" ","421":" ","422":"F","423":"o","424":"r","425":" ","426":"a","427":" ","428":"g","429":"u","430":"i","431":"d","432":"e","433":" ","434":"a","435":"n","436":"d","437":" ","438":"r","439":"e","440":"c","441":"i","442":"p","443":"e","444":"s","445":" ","446":"o","447":"n","448":" ","449":"h","450":"o","451":"w","452":" ","453":"t","454":"o","455":" ","456":"c","457":"o","458":"n","459":"f","460":"i","461":"g","462":"u","463":"r","464":"e","465":" ","466":"/","467":" ","468":"c","469":"u","470":"s","471":"t","472":"o","473":"m","474":"i","475":"z","476":"e","477":" ","478":"t","479":"h","480":"i","481":"s","482":" ","483":"p","484":"r","485":"o","486":"j","487":"e","488":"c","489":"t","490":",","491":"<","492":"b","493":"r","494":">","495":"\\","496":"n","497":" ","498":" ","499":" ","500":" ","501":" ","502":" ","503":"c","504":"h","505":"e","506":"c","507":"k","508":" ","509":"o","510":"u","511":"t","512":" ","513":"t","514":"h","515":"e","516":"\\","517":"n","518":" ","519":" ","520":" ","521":" ","522":" ","523":" ","524":"<","525":"a","526":" ","527":"h","528":"r","529":"e","530":"f","531":"=","532":"\\","533":"\"","534":"h","535":"t","536":"t","537":"p","538":"s","539":":","540":"/","541":"/","542":"c","543":"l","544":"i","545":".","546":"v","547":"u","548":"e","549":"j","550":"s","551":".","552":"o","553":"r","554":"g","555":"\\","556":"\"","557":" ","558":"t","559":"a","560":"r","561":"g","562":"e","563":"t","564":"=","565":"\\","566":"\"","567":"_","568":"b","569":"l","570":"a","571":"n","572":"k","573":"\\","574":"\"","575":" ","576":"r","577":"e","578":"l","579":"=","580":"\\","581":"\"","582":"n","583":"o","584":"o","585":"p","586":"e","587":"n","588":"e","589":"r","590":"\\","591":"\"","592":">","593":"v","594":"u","595":"e","596":"-","597":"c","598":"l","599":"i","600":" ","601":"d","602":"o","603":"c","604":"u","605":"m","606":"e","607":"n","608":"t","609":"a","610":"t","611":"i","612":"o","613":"n","614":"<","615":"/","616":"a","617":">","618":".","619":"\\","620":"n","621":" ","622":" ","623":" ","624":" ","625":"<","626":"/","627":"p","628":">","629":"\\","630":"n","631":" ","632":" ","633":" ","634":" ","635":"<","636":"h","637":"3","638":">","639":"I","640":"n","641":"s","642":"t","643":"a","644":"l","645":"l","646":"e","647":"d","648":" ","649":"C","650":"L","651":"I","652":" ","653":"P","654":"l","655":"u","656":"g","657":"i","658":"n","659":"s","660":"<","661":"/","662":"h","663":"3","664":">","665":"\\","666":"n","667":" ","668":" ","669":" ","670":" ","671":"<","672":"u","673":"l","674":">","675":"\\","676":"n","677":" ","678":" ","679":" ","680":" ","681":" ","682":" ","683":"<","684":"l","685":"i","686":">","687":"<","688":"a","689":" ","690":"h","691":"r","692":"e","693":"f","694":"=","695":"\\","696":"\"","697":"h","698":"t","699":"t","700":"p","701":"s","702":":","703":"/","704":"/","705":"g","706":"i","707":"t","708":"h","709":"u","710":"b","711":".","712":"c","713":"o","714":"m","715":"/","716":"v","717":"u","718":"e","719":"j","720":"s","721":"/","722":"v","723":"u","724":"e","725":"-","726":"c","727":"l","728":"i","729":"/","730":"t","731":"r","732":"e","733":"e","734":"/","735":"d","736":"e","737":"v","738":"/","739":"p","740":"a","741":"c","742":"k","743":"a","744":"g","745":"e","746":"s","747":"/","748":"%","749":"4","750":"0","751":"v","752":"u","753":"e","754":"/","755":"c","756":"l","757":"i","758":"-","759":"p","760":"l","761":"u","762":"g","763":"i","764":"n","765":"-","766":"b","767":"a","768":"b","769":"e","770":"l","771":"\\","772":"\"","773":" ","774":"t","775":"a","776":"r","777":"g","778":"e","779":"t","780":"=","781":"\\","782":"\"","783":"_","784":"b","785":"l","786":"a","787":"n","788":"k","789":"\\","790":"\"","791":" ","792":"r","793":"e","794":"l","795":"=","796":"\\","797":"\"","798":"n","799":"o","800":"o","801":"p","802":"e","803":"n","804":"e","805":"r","806":"\\","807":"\"","808":">","809":"b","810":"a","811":"b","812":"e","813":"l","814":"<","815":"/","816":"a","817":">","818":"<","819":"/","820":"l","821":"i","822":">","823":"\\","824":"n","825":" ","826":" ","827":" ","828":" ","829":" ","830":" ","831":"<","832":"l","833":"i","834":">","835":"<","836":"a","837":" ","838":"h","839":"r","840":"e","841":"f","842":"=","843":"\\","844":"\"","845":"h","846":"t","847":"t","848":"p","849":"s","850":":","851":"/","852":"/","853":"g","854":"i","855":"t","856":"h","857":"u","858":"b","859":".","860":"c","861":"o","862":"m","863":"/","864":"v","865":"u","866":"e","867":"j","868":"s","869":"/","870":"v","871":"u","872":"e","873":"-","874":"c","875":"l","876":"i","877":"/","878":"t","879":"r","880":"e","881":"e","882":"/","883":"d","884":"e","885":"v","886":"/","887":"p","888":"a","889":"c","890":"k","891":"a","892":"g","893":"e","894":"s","895":"/","896":"%","897":"4","898":"0","899":"v","900":"u","901":"e","902":"/","903":"c","904":"l","905":"i","906":"-","907":"p","908":"l","909":"u","910":"g","911":"i","912":"n","913":"-","914":"p","915":"w","916":"a","917":"\\","918":"\"","919":" ","920":"t","921":"a","922":"r","923":"g","924":"e","925":"t","926":"=","927":"\\","928":"\"","929":"_","930":"b","931":"l","932":"a","933":"n","934":"k","935":"\\","936":"\"","937":" ","938":"r","939":"e","940":"l","941":"=","942":"\\","943":"\"","944":"n","945":"o","946":"o","947":"p","948":"e","949":"n","950":"e","951":"r","952":"\\","953":"\"","954":">","955":"p","956":"w","957":"a","958":"<","959":"/","960":"a","961":">","962":"<","963":"/","964":"l","965":"i","966":">","967":"\\","968":"n","969":" ","970":" ","971":" ","972":" ","973":" ","974":" ","975":"<","976":"l","977":"i","978":">","979":"<","980":"a","981":" ","982":"h","983":"r","984":"e","985":"f","986":"=","987":"\\","988":"\"","989":"h","990":"t","991":"t","992":"p","993":"s","994":":","995":"/","996":"/","997":"g","998":"i","999":"t","1000":"h","1001":"u","1002":"b","1003":".","1004":"c","1005":"o","1006":"m","1007":"/","1008":"v","1009":"u","1010":"e","1011":"j","1012":"s","1013":"/","1014":"v","1015":"u","1016":"e","1017":"-","1018":"c","1019":"l","1020":"i","1021":"/","1022":"t","1023":"r","1024":"e","1025":"e","1026":"/","1027":"d","1028":"e","1029":"v","1030":"/","1031":"p","1032":"a","1033":"c","1034":"k","1035":"a","1036":"g","1037":"e","1038":"s","1039":"/","1040":"%","1041":"4","1042":"0","1043":"v","1044":"u","1045":"e","1046":"/","1047":"c","1048":"l","1049":"i","1050":"-","1051":"p","1052":"l","1053":"u","1054":"g","1055":"i","1056":"n","1057":"-","1058":"r","1059":"o","1060":"u","1061":"t","1062":"e","1063":"r","1064":"\\","1065":"\"","1066":" ","1067":"t","1068":"a","1069":"r","1070":"g","1071":"e","1072":"t","1073":"=","1074":"\\","1075":"\"","1076":"_","1077":"b","1078":"l","1079":"a","1080":"n","1081":"k","1082":"\\","1083":"\"","1084":" ","1085":"r","1086":"e","1087":"l","1088":"=","1089":"\\","1090":"\"","1091":"n","1092":"o","1093":"o","1094":"p","1095":"e","1096":"n","1097":"e","1098":"r","1099":"\\","1100":"\"","1101":">","1102":"r","1103":"o","1104":"u","1105":"t","1106":"e","1107":"r","1108":"<","1109":"/","1110":"a","1111":">","1112":"<","1113":"/","1114":"l","1115":"i","1116":">","1117":"\\","1118":"n","1119":" ","1120":" ","1121":" ","1122":" ","1123":" ","1124":" ","1125":"<","1126":"l","1127":"i","1128":">","1129":"<","1130":"a","1131":" ","1132":"h","1133":"r","1134":"e","1135":"f","1136":"=","1137":"\\","1138":"\"","1139":"h","1140":"t","1141":"t","1142":"p","1143":"s","1144":":","1145":"/","1146":"/","1147":"g","1148":"i","1149":"t","1150":"h","1151":"u","1152":"b","1153":".","1154":"c","1155":"o","1156":"m","1157":"/","1158":"v","1159":"u","1160":"e","1161":"j","1162":"s","1163":"/","1164":"v","1165":"u","1166":"e","1167":"-","1168":"c","1169":"l","1170":"i","1171":"/","1172":"t","1173":"r","1174":"e","1175":"e","1176":"/","1177":"d","1178":"e","1179":"v","1180":"/","1181":"p","1182":"a","1183":"c","1184":"k","1185":"a","1186":"g","1187":"e","1188":"s","1189":"/","1190":"%","1191":"4","1192":"0","1193":"v","1194":"u","1195":"e","1196":"/","1197":"c","1198":"l","1199":"i","1200":"-","1201":"p","1202":"l","1203":"u","1204":"g","1205":"i","1206":"n","1207":"-","1208":"v","1209":"u","1210":"e","1211":"x","1212":"\\","1213":"\"","1214":" ","1215":"t","1216":"a","1217":"r","1218":"g","1219":"e","1220":"t","1221":"=","1222":"\\","1223":"\"","1224":"_","1225":"b","1226":"l","1227":"a","1228":"n","1229":"k","1230":"\\","1231":"\"","1232":" ","1233":"r","1234":"e","1235":"l","1236":"=","1237":"\\","1238":"\"","1239":"n","1240":"o","1241":"o","1242":"p","1243":"e","1244":"n","1245":"e","1246":"r","1247":"\\","1248":"\"","1249":">","1250":"v","1251":"u","1252":"e","1253":"x","1254":"<","1255":"/","1256":"a","1257":">","1258":"<","1259":"/","1260":"l","1261":"i","1262":">","1263":"\\","1264":"n","1265":" ","1266":" ","1267":" ","1268":" ","1269":" ","1270":" ","1271":"<","1272":"l","1273":"i","1274":">","1275":"<","1276":"a","1277":" ","1278":"h","1279":"r","1280":"e","1281":"f","1282":"=","1283":"\\","1284":"\"","1285":"h","1286":"t","1287":"t","1288":"p","1289":"s","1290":":","1291":"/","1292":"/","1293":"g","1294":"i","1295":"t","1296":"h","1297":"u","1298":"b","1299":".","1300":"c","1301":"o","1302":"m","1303":"/","1304":"v","1305":"u","1306":"e","1307":"j","1308":"s","1309":"/","1310":"v","1311":"u","1312":"e","1313":"-","1314":"c","1315":"l","1316":"i","1317":"/","1318":"t","1319":"r","1320":"e","1321":"e","1322":"/","1323":"d","1324":"e","1325":"v","1326":"/","1327":"p","1328":"a","1329":"c","1330":"k","1331":"a","1332":"g","1333":"e","1334":"s","1335":"/","1336":"%","1337":"4","1338":"0","1339":"v","1340":"u","1341":"e","1342":"/","1343":"c","1344":"l","1345":"i","1346":"-","1347":"p","1348":"l","1349":"u","1350":"g","1351":"i","1352":"n","1353":"-","1354":"u","1355":"n","1356":"i","1357":"t","1358":"-","1359":"j","1360":"e","1361":"s","1362":"t","1363":"\\","1364":"\"","1365":" ","1366":"t","1367":"a","1368":"r","1369":"g","1370":"e","1371":"t","1372":"=","1373":"\\","1374":"\"","1375":"_","1376":"b","1377":"l","1378":"a","1379":"n","1380":"k","1381":"\\","1382":"\"","1383":" ","1384":"r","1385":"e","1386":"l","1387":"=","1388":"\\","1389":"\"","1390":"n","1391":"o","1392":"o","1393":"p","1394":"e","1395":"n","1396":"e","1397":"r","1398":"\\","1399":"\"","1400":">","1401":"u","1402":"n","1403":"i","1404":"t","1405":"-","1406":"j","1407":"e","1408":"s","1409":"t","1410":"<","1411":"/","1412":"a","1413":">","1414":"<","1415":"/","1416":"l","1417":"i","1418":">","1419":"\\","1420":"n","1421":" ","1422":" ","1423":" ","1424":" ","1425":"<","1426":"/","1427":"u","1428":"l","1429":">","1430":"\\","1431":"n","1432":" ","1433":" ","1434":" ","1435":" ","1436":"<","1437":"h","1438":"3","1439":">","1440":"E","1441":"s","1442":"s","1443":"e","1444":"n","1445":"t","1446":"i","1447":"a","1448":"l","1449":" ","1450":"L","1451":"i","1452":"n","1453":"k","1454":"s","1455":"<","1456":"/","1457":"h","1458":"3","1459":">","1460":"\\","1461":"n","1462":" ","1463":" ","1464":" ","1465":" ","1466":"<","1467":"u","1468":"l","1469":">","1470":"\\","1471":"n","1472":" ","1473":" ","1474":" ","1475":" ","1476":" ","1477":" ","1478":"<","1479":"l","1480":"i","1481":">","1482":"<","1483":"a","1484":" ","1485":"h","1486":"r","1487":"e","1488":"f","1489":"=","1490":"\\","1491":"\"","1492":"h","1493":"t","1494":"t","1495":"p","1496":"s","1497":":","1498":"/","1499":"/","1500":"v","1501":"u","1502":"e","1503":"j","1504":"s","1505":".","1506":"o","1507":"r","1508":"g","1509":"\\","1510":"\"","1511":" ","1512":"t","1513":"a","1514":"r","1515":"g","1516":"e","1517":"t","1518":"=","1519":"\\","1520":"\"","1521":"_","1522":"b","1523":"l","1524":"a","1525":"n","1526":"k","1527":"\\","1528":"\"","1529":" ","1530":"r","1531":"e","1532":"l","1533":"=","1534":"\\","1535":"\"","1536":"n","1537":"o","1538":"o","1539":"p","1540":"e","1541":"n","1542":"e","1543":"r","1544":"\\","1545":"\"","1546":">","1547":"C","1548":"o","1549":"r","1550":"e","1551":" ","1552":"D","1553":"o","1554":"c","1555":"s","1556":"<","1557":"/","1558":"a","1559":">","1560":"<","1561":"/","1562":"l","1563":"i","1564":">","1565":"\\","1566":"n","1567":" ","1568":" ","1569":" ","1570":" ","1571":" ","1572":" ","1573":"<","1574":"l","1575":"i","1576":">","1577":"<","1578":"a","1579":" ","1580":"h","1581":"r","1582":"e","1583":"f","1584":"=","1585":"\\","1586":"\"","1587":"h","1588":"t","1589":"t","1590":"p","1591":"s","1592":":","1593":"/","1594":"/","1595":"f","1596":"o","1597":"r","1598":"u","1599":"m","1600":".","1601":"v","1602":"u","1603":"e","1604":"j","1605":"s","1606":".","1607":"o","1608":"r","1609":"g","1610":"\\","1611":"\"","1612":" ","1613":"t","1614":"a","1615":"r","1616":"g","1617":"e","1618":"t","1619":"=","1620":"\\","1621":"\"","1622":"_","1623":"b","1624":"l","1625":"a","1626":"n","1627":"k","1628":"\\","1629":"\"","1630":" ","1631":"r","1632":"e","1633":"l","1634":"=","1635":"\\","1636":"\"","1637":"n","1638":"o","1639":"o","1640":"p","1641":"e","1642":"n","1643":"e","1644":"r","1645":"\\","1646":"\"","1647":">","1648":"F","1649":"o","1650":"r","1651":"u","1652":"m","1653":"<","1654":"/","1655":"a","1656":">","1657":"<","1658":"/","1659":"l","1660":"i","1661":">","1662":"\\","1663":"n","1664":" ","1665":" ","1666":" ","1667":" ","1668":" ","1669":" ","1670":"<","1671":"l","1672":"i","1673":">","1674":"<","1675":"a","1676":" ","1677":"h","1678":"r","1679":"e","1680":"f","1681":"=","1682":"\\","1683":"\"","1684":"h","1685":"t","1686":"t","1687":"p","1688":"s","1689":":","1690":"/","1691":"/","1692":"c","1693":"h","1694":"a","1695":"t","1696":".","1697":"v","1698":"u","1699":"e","1700":"j","1701":"s","1702":".","1703":"o","1704":"r","1705":"g","1706":"\\","1707":"\"","1708":" ","1709":"t","1710":"a","1711":"r","1712":"g","1713":"e","1714":"t","1715":"=","1716":"\\","1717":"\"","1718":"_","1719":"b","1720":"l","1721":"a","1722":"n","1723":"k","1724":"\\","1725":"\"","1726":" ","1727":"r","1728":"e","1729":"l","1730":"=","1731":"\\","1732":"\"","1733":"n","1734":"o","1735":"o","1736":"p","1737":"e","1738":"n","1739":"e","1740":"r","1741":"\\","1742":"\"","1743":">","1744":"C","1745":"o","1746":"m","1747":"m","1748":"u","1749":"n","1750":"i","1751":"t","1752":"y","1753":" ","1754":"C","1755":"h","1756":"a","1757":"t","1758":"<","1759":"/","1760":"a","1761":">","1762":"<","1763":"/","1764":"l","1765":"i","1766":">","1767":"\\","1768":"n","1769":" ","1770":" ","1771":" ","1772":" ","1773":" ","1774":" ","1775":"<","1776":"l","1777":"i","1778":">","1779":"<","1780":"a","1781":" ","1782":"h","1783":"r","1784":"e","1785":"f","1786":"=","1787":"\\","1788":"\"","1789":"h","1790":"t","1791":"t","1792":"p","1793":"s","1794":":","1795":"/","1796":"/","1797":"t","1798":"w","1799":"i","1800":"t","1801":"t","1802":"e","1803":"r","1804":".","1805":"c","1806":"o","1807":"m","1808":"/","1809":"v","1810":"u","1811":"e","1812":"j","1813":"s","1814":"\\","1815":"\"","1816":" ","1817":"t","1818":"a","1819":"r","1820":"g","1821":"e","1822":"t","1823":"=","1824":"\\","1825":"\"","1826":"_","1827":"b","1828":"l","1829":"a","1830":"n","1831":"k","1832":"\\","1833":"\"","1834":" ","1835":"r","1836":"e","1837":"l","1838":"=","1839":"\\","1840":"\"","1841":"n","1842":"o","1843":"o","1844":"p","1845":"e","1846":"n","1847":"e","1848":"r","1849":"\\","1850":"\"","1851":">","1852":"T","1853":"w","1854":"i","1855":"t","1856":"t","1857":"e","1858":"r","1859":"<","1860":"/","1861":"a","1862":">","1863":"<","1864":"/","1865":"l","1866":"i","1867":">","1868":"\\","1869":"n","1870":" ","1871":" ","1872":" ","1873":" ","1874":" ","1875":" ","1876":"<","1877":"l","1878":"i","1879":">","1880":"<","1881":"a","1882":" ","1883":"h","1884":"r","1885":"e","1886":"f","1887":"=","1888":"\\","1889":"\"","1890":"h","1891":"t","1892":"t","1893":"p","1894":"s","1895":":","1896":"/","1897":"/","1898":"n","1899":"e","1900":"w","1901":"s","1902":".","1903":"v","1904":"u","1905":"e","1906":"j","1907":"s","1908":".","1909":"o","1910":"r","1911":"g","1912":"\\","1913":"\"","1914":" ","1915":"t","1916":"a","1917":"r","1918":"g","1919":"e","1920":"t","1921":"=","1922":"\\","1923":"\"","1924":"_","1925":"b","1926":"l","1927":"a","1928":"n","1929":"k","1930":"\\","1931":"\"","1932":" ","1933":"r","1934":"e","1935":"l","1936":"=","1937":"\\","1938":"\"","1939":"n","1940":"o","1941":"o","1942":"p","1943":"e","1944":"n","1945":"e","1946":"r","1947":"\\","1948":"\"","1949":">","1950":"N","1951":"e","1952":"w","1953":"s","1954":"<","1955":"/","1956":"a","1957":">","1958":"<","1959":"/","1960":"l","1961":"i","1962":">","1963":"\\","1964":"n","1965":" ","1966":" ","1967":" ","1968":" ","1969":"<","1970":"/","1971":"u","1972":"l","1973":">","1974":"\\","1975":"n","1976":" ","1977":" ","1978":" ","1979":" ","1980":"<","1981":"h","1982":"3","1983":">","1984":"E","1985":"c","1986":"o","1987":"s","1988":"y","1989":"s","1990":"t","1991":"e","1992":"m","1993":"<","1994":"/","1995":"h","1996":"3","1997":">","1998":"\\","1999":"n","2000":" ","2001":" ","2002":" ","2003":" ","2004":"<","2005":"u","2006":"l","2007":">","2008":"\\","2009":"n","2010":" ","2011":" ","2012":" ","2013":" ","2014":" ","2015":" ","2016":"<","2017":"l","2018":"i","2019":">","2020":"<","2021":"a","2022":" ","2023":"h","2024":"r","2025":"e","2026":"f","2027":"=","2028":"\\","2029":"\"","2030":"h","2031":"t","2032":"t","2033":"p","2034":"s","2035":":","2036":"/","2037":"/","2038":"r","2039":"o","2040":"u","2041":"t","2042":"e","2043":"r","2044":".","2045":"v","2046":"u","2047":"e","2048":"j","2049":"s","2050":".","2051":"o","2052":"r","2053":"g","2054":"\\","2055":"\"","2056":" ","2057":"t","2058":"a","2059":"r","2060":"g","2061":"e","2062":"t","2063":"=","2064":"\\","2065":"\"","2066":"_","2067":"b","2068":"l","2069":"a","2070":"n","2071":"k","2072":"\\","2073":"\"","2074":" ","2075":"r","2076":"e","2077":"l","2078":"=","2079":"\\","2080":"\"","2081":"n","2082":"o","2083":"o","2084":"p","2085":"e","2086":"n","2087":"e","2088":"r","2089":"\\","2090":"\"","2091":">","2092":"v","2093":"u","2094":"e","2095":"-","2096":"r","2097":"o","2098":"u","2099":"t","2100":"e","2101":"r","2102":"<","2103":"/","2104":"a","2105":">","2106":"<","2107":"/","2108":"l","2109":"i","2110":">","2111":"\\","2112":"n","2113":" ","2114":" ","2115":" ","2116":" ","2117":" ","2118":" ","2119":"<","2120":"l","2121":"i","2122":">","2123":"<","2124":"a","2125":" ","2126":"h","2127":"r","2128":"e","2129":"f","2130":"=","2131":"\\","2132":"\"","2133":"h","2134":"t","2135":"t","2136":"p","2137":"s","2138":":","2139":"/","2140":"/","2141":"v","2142":"u","2143":"e","2144":"x","2145":".","2146":"v","2147":"u","2148":"e","2149":"j","2150":"s","2151":".","2152":"o","2153":"r","2154":"g","2155":"\\","2156":"\"","2157":" ","2158":"t","2159":"a","2160":"r","2161":"g","2162":"e","2163":"t","2164":"=","2165":"\\","2166":"\"","2167":"_","2168":"b","2169":"l","2170":"a","2171":"n","2172":"k","2173":"\\","2174":"\"","2175":" ","2176":"r","2177":"e","2178":"l","2179":"=","2180":"\\","2181":"\"","2182":"n","2183":"o","2184":"o","2185":"p","2186":"e","2187":"n","2188":"e","2189":"r","2190":"\\","2191":"\"","2192":">","2193":"v","2194":"u","2195":"e","2196":"x","2197":"<","2198":"/","2199":"a","2200":">","2201":"<","2202":"/","2203":"l","2204":"i","2205":">","2206":"\\","2207":"n","2208":" ","2209":" ","2210":" ","2211":" ","2212":" ","2213":" ","2214":"<","2215":"l","2216":"i","2217":">","2218":"<","2219":"a","2220":" ","2221":"h","2222":"r","2223":"e","2224":"f","2225":"=","2226":"\\","2227":"\"","2228":"h","2229":"t","2230":"t","2231":"p","2232":"s","2233":":","2234":"/","2235":"/","2236":"g","2237":"i","2238":"t","2239":"h","2240":"u","2241":"b","2242":".","2243":"c","2244":"o","2245":"m","2246":"/","2247":"v","2248":"u","2249":"e","2250":"j","2251":"s","2252":"/","2253":"v","2254":"u","2255":"e","2256":"-","2257":"d","2258":"e","2259":"v","2260":"t","2261":"o","2262":"o","2263":"l","2264":"s","2265":"#","2266":"v","2267":"u","2268":"e","2269":"-","2270":"d","2271":"e","2272":"v","2273":"t","2274":"o","2275":"o","2276":"l","2277":"s","2278":"\\","2279":"\"","2280":" ","2281":"t","2282":"a","2283":"r","2284":"g","2285":"e","2286":"t","2287":"=","2288":"\\","2289":"\"","2290":"_","2291":"b","2292":"l","2293":"a","2294":"n","2295":"k","2296":"\\","2297":"\"","2298":" ","2299":"r","2300":"e","2301":"l","2302":"=","2303":"\\","2304":"\"","2305":"n","2306":"o","2307":"o","2308":"p","2309":"e","2310":"n","2311":"e","2312":"r","2313":"\\","2314":"\"","2315":">","2316":"v","2317":"u","2318":"e","2319":"-","2320":"d","2321":"e","2322":"v","2323":"t","2324":"o","2325":"o","2326":"l","2327":"s","2328":"<","2329":"/","2330":"a","2331":">","2332":"<","2333":"/","2334":"l","2335":"i","2336":">","2337":"\\","2338":"n","2339":" ","2340":" ","2341":" ","2342":" ","2343":" ","2344":" ","2345":"<","2346":"l","2347":"i","2348":">","2349":"<","2350":"a","2351":" ","2352":"h","2353":"r","2354":"e","2355":"f","2356":"=","2357":"\\","2358":"\"","2359":"h","2360":"t","2361":"t","2362":"p","2363":"s","2364":":","2365":"/","2366":"/","2367":"v","2368":"u","2369":"e","2370":"-","2371":"l","2372":"o","2373":"a","2374":"d","2375":"e","2376":"r","2377":".","2378":"v","2379":"u","2380":"e","2381":"j","2382":"s","2383":".","2384":"o","2385":"r","2386":"g","2387":"\\","2388":"\"","2389":" ","2390":"t","2391":"a","2392":"r","2393":"g","2394":"e","2395":"t","2396":"=","2397":"\\","2398":"\"","2399":"_","2400":"b","2401":"l","2402":"a","2403":"n","2404":"k","2405":"\\","2406":"\"","2407":" ","2408":"r","2409":"e","2410":"l","2411":"=","2412":"\\","2413":"\"","2414":"n","2415":"o","2416":"o","2417":"p","2418":"e","2419":"n","2420":"e","2421":"r","2422":"\\","2423":"\"","2424":">","2425":"v","2426":"u","2427":"e","2428":"-","2429":"l","2430":"o","2431":"a","2432":"d","2433":"e","2434":"r","2435":"<","2436":"/","2437":"a","2438":">","2439":"<","2440":"/","2441":"l","2442":"i","2443":">","2444":"\\","2445":"n","2446":" ","2447":" ","2448":" ","2449":" ","2450":" ","2451":" ","2452":"<","2453":"l","2454":"i","2455":">","2456":"<","2457":"a","2458":" ","2459":"h","2460":"r","2461":"e","2462":"f","2463":"=","2464":"\\","2465":"\"","2466":"h","2467":"t","2468":"t","2469":"p","2470":"s","2471":":","2472":"/","2473":"/","2474":"g","2475":"i","2476":"t","2477":"h","2478":"u","2479":"b","2480":".","2481":"c","2482":"o","2483":"m","2484":"/","2485":"v","2486":"u","2487":"e","2488":"j","2489":"s","2490":"/","2491":"a","2492":"w","2493":"e","2494":"s","2495":"o","2496":"m","2497":"e","2498":"-","2499":"v","2500":"u","2501":"e","2502":"\\","2503":"\"","2504":" ","2505":"t","2506":"a","2507":"r","2508":"g","2509":"e","2510":"t","2511":"=","2512":"\\","2513":"\"","2514":"_","2515":"b","2516":"l","2517":"a","2518":"n","2519":"k","2520":"\\","2521":"\"","2522":" ","2523":"r","2524":"e","2525":"l","2526":"=","2527":"\\","2528":"\"","2529":"n","2530":"o","2531":"o","2532":"p","2533":"e","2534":"n","2535":"e","2536":"r","2537":"\\","2538":"\"","2539":">","2540":"a","2541":"w","2542":"e","2543":"s","2544":"o","2545":"m","2546":"e","2547":"-","2548":"v","2549":"u","2550":"e","2551":"<","2552":"/","2553":"a","2554":">","2555":"<","2556":"/","2557":"l","2558":"i","2559":">","2560":"\\","2561":"n","2562":" ","2563":" ","2564":" ","2565":" ","2566":"<","2567":"/","2568":"u","2569":"l","2570":">","2571":"\\","2572":"n","2573":" ","2574":" ","2575":"<","2576":"/","2577":"d","2578":"i","2579":"v","2580":">","2581":"\\","2582":"n","2583":"<","2584":"/","2585":"t","2586":"e","2587":"m","2588":"p","2589":"l","2590":"a","2591":"t","2592":"e","2593":">","2594":"\\","2595":"n","2596":"\\","2597":"n","2598":"<","2599":"s","2600":"c","2601":"r","2602":"i","2603":"p","2604":"t","2605":">","2606":"\\","2607":"n","2608":"e","2609":"x","2610":"p","2611":"o","2612":"r","2613":"t","2614":" ","2615":"d","2616":"e","2617":"f","2618":"a","2619":"u","2620":"l","2621":"t","2622":" ","2623":"{","2624":"\\","2625":"n","2626":" ","2627":" ","2628":"n","2629":"a","2630":"m","2631":"e","2632":":","2633":" ","2634":"'","2635":"H","2636":"e","2637":"l","2638":"l","2639":"o","2640":"W","2641":"o","2642":"r","2643":"l","2644":"d","2645":"'","2646":",","2647":"\\","2648":"n","2649":" ","2650":" ","2651":"p","2652":"r","2653":"o","2654":"p","2655":"s","2656":":","2657":" ","2658":"{","2659":"\\","2660":"n","2661":" ","2662":" ","2663":" ","2664":" ","2665":"m","2666":"s","2667":"g","2668":":","2669":" ","2670":"S","2671":"t","2672":"r","2673":"i","2674":"n","2675":"g","2676":"\\","2677":"n","2678":" ","2679":" ","2680":"}","2681":"\\","2682":"n","2683":"}","2684":"\\","2685":"n","2686":"<","2687":"/","2688":"s","2689":"c","2690":"r","2691":"i","2692":"p","2693":"t","2694":">","2695":"\\","2696":"n","2697":"\\","2698":"n","2699":"<","2700":"!","2701":"-","2702":"-","2703":" ","2704":"A","2705":"d","2706":"d","2707":" ","2708":"\\","2709":"\"","2710":"s","2711":"c","2712":"o","2713":"p","2714":"e","2715":"d","2716":"\\","2717":"\"","2718":" ","2719":"a","2720":"t","2721":"t","2722":"r","2723":"i","2724":"b","2725":"u","2726":"t","2727":"e","2728":" ","2729":"t","2730":"o","2731":" ","2732":"l","2733":"i","2734":"m","2735":"i","2736":"t","2737":" ","2738":"C","2739":"S","2740":"S","2741":" ","2742":"t","2743":"o","2744":" ","2745":"t","2746":"h","2747":"i","2748":"s","2749":" ","2750":"c","2751":"o","2752":"m","2753":"p","2754":"o","2755":"n","2756":"e","2757":"n","2758":"t","2759":" ","2760":"o","2761":"n","2762":"l","2763":"y","2764":" ","2765":"-","2766":"-","2767":">","2768":"\\","2769":"n","2770":"<","2771":"s","2772":"t","2773":"y","2774":"l","2775":"e","2776":" ","2777":"s","2778":"c","2779":"o","2780":"p","2781":"e","2782":"d","2783":" ","2784":"l","2785":"a","2786":"n","2787":"g","2788":"=","2789":"\\","2790":"\"","2791":"s","2792":"c","2793":"s","2794":"s","2795":"\\","2796":"\"","2797":">","2798":"\\","2799":"n","2800":"h","2801":"3","2802":" ","2803":"{","2804":"\\","2805":"n","2806":" ","2807":" ","2808":"m","2809":"a","2810":"r","2811":"g","2812":"i","2813":"n","2814":":","2815":" ","2816":"4","2817":"0","2818":"p","2819":"x","2820":" ","2821":"0","2822":" ","2823":"0","2824":";","2825":"\\","2826":"n","2827":"}","2828":"\\","2829":"n","2830":"u","2831":"l","2832":" ","2833":"{","2834":"\\","2835":"n","2836":" ","2837":" ","2838":"l","2839":"i","2840":"s","2841":"t","2842":"-","2843":"s","2844":"t","2845":"y","2846":"l","2847":"e","2848":"-","2849":"t","2850":"y","2851":"p","2852":"e","2853":":","2854":" ","2855":"n","2856":"o","2857":"n","2858":"e","2859":";","2860":"\\","2861":"n","2862":" ","2863":" ","2864":"p","2865":"a","2866":"d","2867":"d","2868":"i","2869":"n","2870":"g","2871":":","2872":" ","2873":"0","2874":";","2875":"\\","2876":"n","2877":"}","2878":"\\","2879":"n","2880":"l","2881":"i","2882":" ","2883":"{","2884":"\\","2885":"n","2886":" ","2887":" ","2888":"d","2889":"i","2890":"s","2891":"p","2892":"l","2893":"a","2894":"y","2895":":","2896":" ","2897":"i","2898":"n","2899":"l","2900":"i","2901":"n","2902":"e","2903":"-","2904":"b","2905":"l","2906":"o","2907":"c","2908":"k","2909":";","2910":"\\","2911":"n","2912":" ","2913":" ","2914":"m","2915":"a","2916":"r","2917":"g","2918":"i","2919":"n","2920":":","2921":" ","2922":"0","2923":" ","2924":"1","2925":"0","2926":"p","2927":"x","2928":";","2929":"\\","2930":"n","2931":"}","2932":"\\","2933":"n","2934":"a","2935":" ","2936":"{","2937":"\\","2938":"n","2939":" ","2940":" ","2941":"c","2942":"o","2943":"l","2944":"o","2945":"r","2946":":","2947":" ","2948":"#","2949":"4","2950":"2","2951":"b","2952":"9","2953":"8","2954":"3","2955":";","2956":"\\","2957":"n","2958":"}","2959":"\\","2960":"n","2961":"<","2962":"/","2963":"s","2964":"t","2965":"y","2966":"l","2967":"e","2968":">","2969":"\\","2970":"n","2971":"\"","2972":"]","2973":"}"},"_coverageSchema":"1a1c01bbd47fc00a2c39e90264f33305004495a9","hash":"58b8296d1b8a010803488059b85bd21f82db3d27"}
}
