TN:
SF:src/apis/api.js
FN:4,(anonymous_0)
FNF:1
FNH:1
FNDA:4,(anonymous_0)
DA:4,1
DA:5,4
LF:2
LH:2
BRF:0
BRH:0
end_of_record
TN:
SF:src/apis/index.js
FNF:0
FNH:0
LF:0
LH:0
BRF:0
BRH:0
end_of_record
TN:
SF:src/assets/images/poke-vector.webp
FNF:0
FNH:0
DA:1,1
LF:1
LH:1
BRF:0
BRH:0
end_of_record
TN:
SF:src/components/PokeCard.vue
FN:74,render
FN:81,(anonymous_1)
FNF:2
FNH:2
FNDA:1,render
FNDA:2,(anonymous_1)
DA:4,1
DA:7,1
DA:50,1
DA:52,1
DA:55,1
DA:56,1
DA:57,1
DA:60,1
DA:63,1
DA:66,1
DA:69,1
DA:73,1
DA:75,1
DA:76,1
DA:82,2
DA:93,1
LF:16
LH:16
BRDA:92,0,0,1
BRDA:92,0,1,0
BRF:2
BRH:1
end_of_record
TN:
SF:src/components/index.js
FNF:0
FNH:0
LF:0
LH:0
BRF:0
BRH:0
end_of_record
TN:
SF:src/composables/index.js
FNF:0
FNH:0
LF:0
LH:0
BRF:0
BRH:0
end_of_record
TN:
SF:src/composables/useAxios.js
FN:5,(anonymous_0)
FN:13,(anonymous_1)
FN:49,(anonymous_2)
FNF:3
FNH:3
FNDA:5,(anonymous_0)
FNDA:4,(anonymous_1)
FNDA:4,(anonymous_2)
DA:5,1
DA:6,5
DA:7,5
DA:8,5
DA:9,5
DA:10,5
DA:11,5
DA:13,5
DA:14,4
DA:16,4
DA:17,4
DA:18,4
DA:19,4
DA:21,4
DA:26,3
DA:27,3
DA:28,3
DA:29,3
DA:31,3
DA:32,0
DA:34,1
DA:35,1
DA:36,1
DA:37,1
DA:39,1
DA:40,0
DA:45,4
DA:49,5
DA:50,4
DA:53,5
LF:30
LH:28
BRDA:14,0,0,4
BRDA:14,1,0,4
BRDA:31,2,0,0
BRDA:31,2,1,3
BRDA:39,3,0,0
BRDA:39,3,1,1
BRDA:50,4,0,4
BRDA:50,4,1,0
BRF:8
BRH:5
end_of_record
TN:
SF:src/configs/appConfig.js
FNF:0
FNH:0
DA:1,1
DA:4,1
LF:2
LH:2
BRDA:4,0,0,0
BRDA:4,0,1,1
BRF:2
BRH:1
end_of_record
TN:
SF:src/configs/index.js
FNF:0
FNH:0
LF:0
LH:0
BRF:0
BRH:0
end_of_record
TN:
SF:src/constants/color.js
FNF:0
FNH:0
DA:1,1
LF:1
LH:1
BRF:0
BRH:0
end_of_record
TN:
SF:src/constants/index.js
FNF:0
FNH:0
LF:0
LH:0
BRF:0
BRH:0
end_of_record
TN:
SF:src/constants/string.js
FNF:0
FNH:0
DA:1,1
LF:1
LH:1
BRF:0
BRH:0
end_of_record
TN:
SF:src/utils/index.js
FNF:0
FNH:0
LF:0
LH:0
BRF:0
BRH:0
end_of_record
TN:
SF:src/utils/parsePokeName.js
FN:1,(anonymous_0)
FN:5,(anonymous_1)
FNF:2
FNH:2
FNDA:8,(anonymous_0)
FNDA:10,(anonymous_1)
DA:1,2
DA:2,8
DA:3,7
DA:5,10
LF:4
LH:4
BRDA:2,0,0,1
BRDA:2,0,1,7
BRF:2
BRH:2
end_of_record
